\BOOKMARK [1][-]{section.1}{Linear Elasticity Basic Theory}{}% 1
\BOOKMARK [2][-]{subsection.1.1}{Strong Solution}{section.1}% 2
\BOOKMARK [2][-]{subsection.1.2}{Weak Solution}{section.1}% 3
\BOOKMARK [2][-]{subsection.1.3}{Proposition}{section.1}% 4
\BOOKMARK [1][-]{section.2}{Linear Elasticity with Crack Propagation Case}{}% 5
\BOOKMARK [2][-]{subsection.2.1}{Strong Form}{section.2}% 6
\BOOKMARK [2][-]{subsection.2.2}{Weak Form}{section.2}% 7
\BOOKMARK [1][-]{section.3}{Modelling and Simulation}{}% 8
\BOOKMARK [1][-]{section.4}{Result and Discussion}{}% 9
\BOOKMARK [2][-]{subsection.4.1}{Convergence Analysis}{section.4}% 10
\BOOKMARK [1][-]{section.5}{Manufactured Solution}{}% 11
\BOOKMARK [1][-]{section.6}{The Convergence of variational Approach to Crack Propagation}{}% 12
\BOOKMARK [2][-]{subsection.6.1}{Simulation}{section.6}% 13
\BOOKMARK [3][-]{subsubsection.6.1.1}{Convergence Analysis}{subsection.6.1}% 14
\BOOKMARK [2][-]{subsection.6.2}{Case Study}{section.6}% 15
\BOOKMARK [2][-]{subsection.6.3}{Convergence Analysis}{section.6}% 16
\BOOKMARK [2][-]{subsection.6.4}{3D Crack Propagation Study Case}{section.6}% 17
\BOOKMARK [2][-]{subsection.6.5}{Crack Location and Geometry Analysis}{section.6}% 18
\BOOKMARK [2][-]{subsection.6.6}{Comparison 3D and 2D Model}{section.6}% 19
\BOOKMARK [2][-]{subsection.6.7}{Dependency on Stress Intensity Factor \(KI\)}{section.6}% 20
\BOOKMARK [2][-]{subsection.6.8}{Multiple Crack Location}{section.6}% 21
\BOOKMARK [3][-]{subsubsection.6.8.1}{Crack Distance Analysis}{subsection.6.8}% 22
\BOOKMARK [3][-]{subsubsection.6.8.2}{3D Multiple Crack}{subsection.6.8}% 23
