This is pdfTeX, Version 3.14159265-2.6-1.40.18 (MiKTeX 2.9.6500 64-bit) (preloaded format=pdflatex 2018.8.10)  17 JAN 2019 17:48
entering extended mode
**./linearelasticity.tex
(linearelasticity.tex
LaTeX2e <2017-04-15>
Babel <3.15> and hyphenation patterns for 76 language(s) loaded.
("C:\Program Files\MiKTeX 2.9\tex\latex\base\article.cls"
Document Class: article 2014/09/29 v1.4h Standard LaTeX document class
("C:\Program Files\MiKTeX 2.9\tex\latex\base\size11.clo"
File: size11.clo 2014/09/29 v1.4h Standard LaTeX file (size option)
)
\c@part=\count79
\c@section=\count80
\c@subsection=\count81
\c@subsubsection=\count82
\c@paragraph=\count83
\c@subparagraph=\count84
\c@figure=\count85
\c@table=\count86
\abovecaptionskip=\skip41
\belowcaptionskip=\skip42
\bibindent=\dimen102
)
("C:\Program Files\MiKTeX 2.9\tex\latex\geometry\geometry.sty"
Package: geometry 2010/09/12 v5.6 Page Geometry

("C:\Program Files\MiKTeX 2.9\tex\latex\graphics\keyval.sty"
Package: keyval 2014/10/28 v1.15 key=value parser (DPC)
\KV@toks@=\toks14
)
("C:\Program Files\MiKTeX 2.9\tex\generic\oberdiek\ifpdf.sty"
Package: ifpdf 2017/03/15 v3.2 Provides the ifpdf switch
)
("C:\Program Files\MiKTeX 2.9\tex\generic\oberdiek\ifvtex.sty"
Package: ifvtex 2016/05/16 v1.6 Detect VTeX and its facilities (HO)
Package ifvtex Info: VTeX not detected.
)
("C:\Program Files\MiKTeX 2.9\tex\generic\ifxetex\ifxetex.sty"
Package: ifxetex 2010/09/12 v0.6 Provides ifxetex conditional
)
\Gm@cnth=\count87
\Gm@cntv=\count88
\c@Gm@tempcnt=\count89
\Gm@bindingoffset=\dimen103
\Gm@wd@mp=\dimen104
\Gm@odd@mp=\dimen105
\Gm@even@mp=\dimen106
\Gm@layoutwidth=\dimen107
\Gm@layoutheight=\dimen108
\Gm@layouthoffset=\dimen109
\Gm@layoutvoffset=\dimen110
\Gm@dimlist=\toks15

("C:\Program Files\MiKTeX 2.9\tex\latex\geometry\geometry.cfg"))
("C:\Program Files\MiKTeX 2.9\tex\latex\amsmath\amsmath.sty"
Package: amsmath 2017/09/02 v2.17a AMS math features
\@mathmargin=\skip43

For additional information on amsmath, use the `?' option.
("C:\Program Files\MiKTeX 2.9\tex\latex\amsmath\amstext.sty"
Package: amstext 2000/06/29 v2.01 AMS text

("C:\Program Files\MiKTeX 2.9\tex\latex\amsmath\amsgen.sty"
File: amsgen.sty 1999/11/30 v2.0 generic functions
\@emptytoks=\toks16
\ex@=\dimen111
))
("C:\Program Files\MiKTeX 2.9\tex\latex\amsmath\amsbsy.sty"
Package: amsbsy 1999/11/29 v1.2d Bold Symbols
\pmbraise@=\dimen112
)
("C:\Program Files\MiKTeX 2.9\tex\latex\amsmath\amsopn.sty"
Package: amsopn 2016/03/08 v2.02 operator names
)
\inf@bad=\count90
LaTeX Info: Redefining \frac on input line 213.
\uproot@=\count91
\leftroot@=\count92
LaTeX Info: Redefining \overline on input line 375.
\classnum@=\count93
\DOTSCASE@=\count94
LaTeX Info: Redefining \ldots on input line 472.
LaTeX Info: Redefining \dots on input line 475.
LaTeX Info: Redefining \cdots on input line 596.
\Mathstrutbox@=\box26
\strutbox@=\box27
\big@size=\dimen113
LaTeX Font Info:    Redeclaring font encoding OML on input line 712.
LaTeX Font Info:    Redeclaring font encoding OMS on input line 713.
\macc@depth=\count95
\c@MaxMatrixCols=\count96
\dotsspace@=\muskip10
\c@parentequation=\count97
\dspbrk@lvl=\count98
\tag@help=\toks17
\row@=\count99
\column@=\count100
\maxfields@=\count101
\andhelp@=\toks18
\eqnshift@=\dimen114
\alignsep@=\dimen115
\tagshift@=\dimen116
\tagwidth@=\dimen117
\totwidth@=\dimen118
\lineht@=\dimen119
\@envbody=\toks19
\multlinegap=\skip44
\multlinetaggap=\skip45
\mathdisplay@stack=\toks20
LaTeX Info: Redefining \[ on input line 2817.
LaTeX Info: Redefining \] on input line 2818.
)
("C:\Program Files\MiKTeX 2.9\tex\latex\amscls\amsthm.sty"
Package: amsthm 2015/03/04 v2.20.2
\thm@style=\toks21
\thm@bodyfont=\toks22
\thm@headfont=\toks23
\thm@notefont=\toks24
\thm@headpunct=\toks25
\thm@preskip=\skip46
\thm@postskip=\skip47
\thm@headsep=\skip48
\dth@everypar=\toks26
)
("C:\Program Files\MiKTeX 2.9\tex\latex\amsfonts\amsfonts.sty"
Package: amsfonts 2013/01/14 v3.01 Basic AMSFonts support
\symAMSa=\mathgroup4
\symAMSb=\mathgroup5
LaTeX Font Info:    Overwriting math alphabet `\mathfrak' in version `bold'
(Font)                  U/euf/m/n --> U/euf/b/n on input line 106.
)
("C:\Program Files\MiKTeX 2.9\tex\latex\graphics\color.sty"
Package: color 2016/07/10 v1.1e Standard LaTeX Color (DPC)

("C:\Program Files\MiKTeX 2.9\tex\latex\graphics-cfg\color.cfg"
File: color.cfg 2016/01/02 v1.6 sample color configuration
)
Package color Info: Driver file: pdftex.def on input line 147.

("C:\Program Files\MiKTeX 2.9\tex\latex\graphics-def\pdftex.def"
File: pdftex.def 2017/12/07 v1.0i Graphics/color driver for pdftex
))
("C:\Program Files\MiKTeX 2.9\tex\latex\graphics\graphicx.sty"
Package: graphicx 2017/06/01 v1.1a Enhanced LaTeX Graphics (DPC,SPQR)

("C:\Program Files\MiKTeX 2.9\tex\latex\graphics\graphics.sty"
Package: graphics 2017/06/25 v1.2c Standard LaTeX Graphics (DPC,SPQR)

("C:\Program Files\MiKTeX 2.9\tex\latex\graphics\trig.sty"
Package: trig 2016/01/03 v1.10 sin cos tan (DPC)
)
("C:\Program Files\MiKTeX 2.9\tex\latex\graphics-cfg\graphics.cfg"
File: graphics.cfg 2016/06/04 v1.11 sample graphics configuration
)
Package graphics Info: Driver file: pdftex.def on input line 99.
)
\Gin@req@height=\dimen120
\Gin@req@width=\dimen121
)
("C:\Program Files\MiKTeX 2.9\tex\latex\caption\subcaption.sty"
Package: subcaption 2016/05/22 v1.1-161 Sub-captions (AR)

("C:\Program Files\MiKTeX 2.9\tex\latex\caption\caption.sty"
Package: caption 2016/02/21 v3.3-144 Customizing captions (AR)

("C:\Program Files\MiKTeX 2.9\tex\latex\caption\caption3.sty"
Package: caption3 2016/05/22 v1.7-166 caption3 kernel (AR)
Package caption3 Info: TeX engine: e-TeX on input line 67.
\captionmargin=\dimen122
\captionmargin@=\dimen123
\captionwidth=\dimen124
\caption@tempdima=\dimen125
\caption@indent=\dimen126
\caption@parindent=\dimen127
\caption@hangindent=\dimen128
)
\c@ContinuedFloat=\count102
)
\c@subfigure=\count103
\c@subtable=\count104
)
("C:\Program Files\MiKTeX 2.9\tex\latex\wrapfig\wrapfig.sty"
\wrapoverhang=\dimen129
\WF@size=\dimen130
\c@WF@wrappedlines=\count105
\WF@box=\box28
\WF@everypar=\toks27
Package: wrapfig 2003/01/31  v 3.6
)
\c@remark=\count106
\c@prop=\count107
\c@theorem=\count108

("C:\Program Files\MiKTeX 2.9\tex\latex\amsfonts\amssymb.sty"
Package: amssymb 2013/01/14 v3.01 AMS font symbols
)
("C:\Program Files\MiKTeX 2.9\tex\latex\enumitem\enumitem.sty"
Package: enumitem 2011/09/28 v3.5.2 Customized lists
\labelindent=\skip49
\enit@outerparindent=\dimen131
\enit@toks=\toks28
\enit@inbox=\box29
\enitdp@description=\count109
)
("C:\Program Files\MiKTeX 2.9\tex\latex\pgf\frontendlayer\tikz.sty"
("C:\Program Files\MiKTeX 2.9\tex\latex\pgf\basiclayer\pgf.sty"
("C:\Program Files\MiKTeX 2.9\tex\latex\pgf\utilities\pgfrcs.sty"
("C:\Program Files\MiKTeX 2.9\tex\generic\pgf\utilities\pgfutil-common.tex"
\pgfutil@everybye=\toks29
\pgfutil@tempdima=\dimen132
\pgfutil@tempdimb=\dimen133

("C:\Program Files\MiKTeX 2.9\tex\generic\pgf\utilities\pgfutil-common-lists.te
x")) ("C:\Program Files\MiKTeX 2.9\tex\generic\pgf\utilities\pgfutil-latex.def"
\pgfutil@abb=\box30
("C:\Program Files\MiKTeX 2.9\tex\latex\ms\everyshi.sty"
Package: everyshi 2001/05/15 v3.00 EveryShipout Package (MS)
))
("C:\Program Files\MiKTeX 2.9\tex\generic\pgf\utilities\pgfrcs.code.tex"
Package: pgfrcs 2015/08/07 v3.0.1a (rcs-revision 1.31)
))
Package: pgf 2015/08/07 v3.0.1a (rcs-revision 1.15)

("C:\Program Files\MiKTeX 2.9\tex\latex\pgf\basiclayer\pgfcore.sty"
("C:\Program Files\MiKTeX 2.9\tex\latex\pgf\systemlayer\pgfsys.sty"
("C:\Program Files\MiKTeX 2.9\tex\generic\pgf\systemlayer\pgfsys.code.tex"
Package: pgfsys 2014/07/09 v3.0.1a (rcs-revision 1.48)

("C:\Program Files\MiKTeX 2.9\tex\generic\pgf\utilities\pgfkeys.code.tex"
\pgfkeys@pathtoks=\toks30
\pgfkeys@temptoks=\toks31

("C:\Program Files\MiKTeX 2.9\tex\generic\pgf\utilities\pgfkeysfiltered.code.te
x"
\pgfkeys@tmptoks=\toks32
))
\pgf@x=\dimen134
\pgf@y=\dimen135
\pgf@xa=\dimen136
\pgf@ya=\dimen137
\pgf@xb=\dimen138
\pgf@yb=\dimen139
\pgf@xc=\dimen140
\pgf@yc=\dimen141
\w@pgf@writea=\write3
\r@pgf@reada=\read1
\c@pgf@counta=\count110
\c@pgf@countb=\count111
\c@pgf@countc=\count112
\c@pgf@countd=\count113
\t@pgf@toka=\toks33
\t@pgf@tokb=\toks34
\t@pgf@tokc=\toks35
 ("C:\Program Files\MiKTeX 2.9\tex\generic\pgf\systemlayer\pgf.cfg"
File: pgf.cfg 2008/05/14  (rcs-revision 1.7)
)
Driver file for pgf: pgfsys-pdftex.def

("C:\Program Files\MiKTeX 2.9\tex\generic\pgf\systemlayer\pgfsys-pdftex.def"
File: pgfsys-pdftex.def 2014/10/11  (rcs-revision 1.35)

("C:\Program Files\MiKTeX 2.9\tex\generic\pgf\systemlayer\pgfsys-common-pdf.def
"
File: pgfsys-common-pdf.def 2013/10/10  (rcs-revision 1.13)
)))
("C:\Program Files\MiKTeX 2.9\tex\generic\pgf\systemlayer\pgfsyssoftpath.code.t
ex"
File: pgfsyssoftpath.code.tex 2013/09/09  (rcs-revision 1.9)
\pgfsyssoftpath@smallbuffer@items=\count114
\pgfsyssoftpath@bigbuffer@items=\count115
)
("C:\Program Files\MiKTeX 2.9\tex\generic\pgf\systemlayer\pgfsysprotocol.code.t
ex"
File: pgfsysprotocol.code.tex 2006/10/16  (rcs-revision 1.4)
)) ("C:\Program Files\MiKTeX 2.9\tex\latex\xcolor\xcolor.sty"
Package: xcolor 2016/05/11 v2.12 LaTeX color extensions (UK)

("C:\Program Files\MiKTeX 2.9\tex\latex\graphics-cfg\color.cfg"
File: color.cfg 2016/01/02 v1.6 sample color configuration
)
Package xcolor Info: Driver file: pdftex.def on input line 225.
LaTeX Info: Redefining \color on input line 709.
Package xcolor Info: Model `cmy' substituted by `cmy0' on input line 1348.
Package xcolor Info: Model `hsb' substituted by `rgb' on input line 1352.
Package xcolor Info: Model `RGB' extended on input line 1364.
Package xcolor Info: Model `HTML' substituted by `rgb' on input line 1366.
Package xcolor Info: Model `Hsb' substituted by `hsb' on input line 1367.
Package xcolor Info: Model `tHsb' substituted by `hsb' on input line 1368.
Package xcolor Info: Model `HSB' substituted by `hsb' on input line 1369.
Package xcolor Info: Model `Gray' substituted by `gray' on input line 1370.
Package xcolor Info: Model `wave' substituted by `hsb' on input line 1371.
)
("C:\Program Files\MiKTeX 2.9\tex\generic\pgf\basiclayer\pgfcore.code.tex"
Package: pgfcore 2010/04/11 v3.0.1a (rcs-revision 1.7)

("C:\Program Files\MiKTeX 2.9\tex\generic\pgf\math\pgfmath.code.tex"
("C:\Program Files\MiKTeX 2.9\tex\generic\pgf\math\pgfmathcalc.code.tex"
("C:\Program Files\MiKTeX 2.9\tex\generic\pgf\math\pgfmathutil.code.tex")
("C:\Program Files\MiKTeX 2.9\tex\generic\pgf\math\pgfmathparser.code.tex"
\pgfmath@dimen=\dimen142
\pgfmath@count=\count116
\pgfmath@box=\box31
\pgfmath@toks=\toks36
\pgfmath@stack@operand=\toks37
\pgfmath@stack@operation=\toks38
)
("C:\Program Files\MiKTeX 2.9\tex\generic\pgf\math\pgfmathfunctions.code.tex"
("C:\Program Files\MiKTeX 2.9\tex\generic\pgf\math\pgfmathfunctions.basic.code.
tex")
("C:\Program Files\MiKTeX 2.9\tex\generic\pgf\math\pgfmathfunctions.trigonometr
ic.code.tex")
("C:\Program Files\MiKTeX 2.9\tex\generic\pgf\math\pgfmathfunctions.random.code
.tex")
("C:\Program Files\MiKTeX 2.9\tex\generic\pgf\math\pgfmathfunctions.comparison.
code.tex")
("C:\Program Files\MiKTeX 2.9\tex\generic\pgf\math\pgfmathfunctions.base.code.t
ex")
("C:\Program Files\MiKTeX 2.9\tex\generic\pgf\math\pgfmathfunctions.round.code.
tex")
("C:\Program Files\MiKTeX 2.9\tex\generic\pgf\math\pgfmathfunctions.misc.code.t
ex")
("C:\Program Files\MiKTeX 2.9\tex\generic\pgf\math\pgfmathfunctions.integerarit
hmetics.code.tex")))
("C:\Program Files\MiKTeX 2.9\tex\generic\pgf\math\pgfmathfloat.code.tex"
\c@pgfmathroundto@lastzeros=\count117
))
("C:\Program Files\MiKTeX 2.9\tex\generic\pgf\basiclayer\pgfcorepoints.code.tex
"
File: pgfcorepoints.code.tex 2013/10/07  (rcs-revision 1.27)
\pgf@picminx=\dimen143
\pgf@picmaxx=\dimen144
\pgf@picminy=\dimen145
\pgf@picmaxy=\dimen146
\pgf@pathminx=\dimen147
\pgf@pathmaxx=\dimen148
\pgf@pathminy=\dimen149
\pgf@pathmaxy=\dimen150
\pgf@xx=\dimen151
\pgf@xy=\dimen152
\pgf@yx=\dimen153
\pgf@yy=\dimen154
\pgf@zx=\dimen155
\pgf@zy=\dimen156
)
("C:\Program Files\MiKTeX 2.9\tex\generic\pgf\basiclayer\pgfcorepathconstruct.c
ode.tex"
File: pgfcorepathconstruct.code.tex 2013/10/07  (rcs-revision 1.29)
\pgf@path@lastx=\dimen157
\pgf@path@lasty=\dimen158
)
("C:\Program Files\MiKTeX 2.9\tex\generic\pgf\basiclayer\pgfcorepathusage.code.
tex"
File: pgfcorepathusage.code.tex 2014/11/02  (rcs-revision 1.24)
\pgf@shorten@end@additional=\dimen159
\pgf@shorten@start@additional=\dimen160
)
("C:\Program Files\MiKTeX 2.9\tex\generic\pgf\basiclayer\pgfcorescopes.code.tex
"
File: pgfcorescopes.code.tex 2015/05/08  (rcs-revision 1.46)
\pgfpic=\box32
\pgf@hbox=\box33
\pgf@layerbox@main=\box34
\pgf@picture@serial@count=\count118
)
("C:\Program Files\MiKTeX 2.9\tex\generic\pgf\basiclayer\pgfcoregraphicstate.co
de.tex"
File: pgfcoregraphicstate.code.tex 2014/11/02  (rcs-revision 1.12)
\pgflinewidth=\dimen161
)
("C:\Program Files\MiKTeX 2.9\tex\generic\pgf\basiclayer\pgfcoretransformations
.code.tex"
File: pgfcoretransformations.code.tex 2015/08/07  (rcs-revision 1.20)
\pgf@pt@x=\dimen162
\pgf@pt@y=\dimen163
\pgf@pt@temp=\dimen164
)
("C:\Program Files\MiKTeX 2.9\tex\generic\pgf\basiclayer\pgfcorequick.code.tex"
File: pgfcorequick.code.tex 2008/10/09  (rcs-revision 1.3)
)
("C:\Program Files\MiKTeX 2.9\tex\generic\pgf\basiclayer\pgfcoreobjects.code.te
x"
File: pgfcoreobjects.code.tex 2006/10/11  (rcs-revision 1.2)
)
("C:\Program Files\MiKTeX 2.9\tex\generic\pgf\basiclayer\pgfcorepathprocessing.
code.tex"
File: pgfcorepathprocessing.code.tex 2013/09/09  (rcs-revision 1.9)
)
("C:\Program Files\MiKTeX 2.9\tex\generic\pgf\basiclayer\pgfcorearrows.code.tex
"
File: pgfcorearrows.code.tex 2015/05/14  (rcs-revision 1.43)
\pgfarrowsep=\dimen165
)
("C:\Program Files\MiKTeX 2.9\tex\generic\pgf\basiclayer\pgfcoreshade.code.tex"
File: pgfcoreshade.code.tex 2013/07/15  (rcs-revision 1.15)
\pgf@max=\dimen166
\pgf@sys@shading@range@num=\count119
) ("C:\Program Files\MiKTeX 2.9\tex\generic\pgf\basiclayer\pgfcoreimage.code.te
x"
File: pgfcoreimage.code.tex 2013/07/15  (rcs-revision 1.18)

("C:\Program Files\MiKTeX 2.9\tex\generic\pgf\basiclayer\pgfcoreexternal.code.t
ex"
File: pgfcoreexternal.code.tex 2014/07/09  (rcs-revision 1.21)
\pgfexternal@startupbox=\box35
))
("C:\Program Files\MiKTeX 2.9\tex\generic\pgf\basiclayer\pgfcorelayers.code.tex
"
File: pgfcorelayers.code.tex 2013/07/18  (rcs-revision 1.7)
)
("C:\Program Files\MiKTeX 2.9\tex\generic\pgf\basiclayer\pgfcoretransparency.co
de.tex"
File: pgfcoretransparency.code.tex 2013/09/30  (rcs-revision 1.5)
)
("C:\Program Files\MiKTeX 2.9\tex\generic\pgf\basiclayer\pgfcorepatterns.code.t
ex"
File: pgfcorepatterns.code.tex 2013/11/07  (rcs-revision 1.5)
)))
("C:\Program Files\MiKTeX 2.9\tex\generic\pgf\modules\pgfmoduleshapes.code.tex"
File: pgfmoduleshapes.code.tex 2014/03/21  (rcs-revision 1.35)
\pgfnodeparttextbox=\box36
) ("C:\Program Files\MiKTeX 2.9\tex\generic\pgf\modules\pgfmoduleplot.code.tex"
File: pgfmoduleplot.code.tex 2015/08/03  (rcs-revision 1.13)
)
("C:\Program Files\MiKTeX 2.9\tex\latex\pgf\compatibility\pgfcomp-version-0-65.
sty"
Package: pgfcomp-version-0-65 2007/07/03 v3.0.1a (rcs-revision 1.7)
\pgf@nodesepstart=\dimen167
\pgf@nodesepend=\dimen168
)
("C:\Program Files\MiKTeX 2.9\tex\latex\pgf\compatibility\pgfcomp-version-1-18.
sty"
Package: pgfcomp-version-1-18 2007/07/23 v3.0.1a (rcs-revision 1.1)
)) ("C:\Program Files\MiKTeX 2.9\tex\latex\pgf\utilities\pgffor.sty"
("C:\Program Files\MiKTeX 2.9\tex\latex\pgf\utilities\pgfkeys.sty"
("C:\Program Files\MiKTeX 2.9\tex\generic\pgf\utilities\pgfkeys.code.tex"))
("C:\Program Files\MiKTeX 2.9\tex\latex\pgf\math\pgfmath.sty"
("C:\Program Files\MiKTeX 2.9\tex\generic\pgf\math\pgfmath.code.tex"))
("C:\Program Files\MiKTeX 2.9\tex\generic\pgf\utilities\pgffor.code.tex"
Package: pgffor 2013/12/13 v3.0.1a (rcs-revision 1.25)

("C:\Program Files\MiKTeX 2.9\tex\generic\pgf\math\pgfmath.code.tex")
\pgffor@iter=\dimen169
\pgffor@skip=\dimen170
\pgffor@stack=\toks39
\pgffor@toks=\toks40
))
("C:\Program Files\MiKTeX 2.9\tex\generic\pgf\frontendlayer\tikz\tikz.code.tex"
Package: tikz 2015/08/07 v3.0.1a (rcs-revision 1.151)

("C:\Program Files\MiKTeX 2.9\tex\generic\pgf\libraries\pgflibraryplothandlers.
code.tex"
File: pgflibraryplothandlers.code.tex 2013/08/31 v3.0.1a (rcs-revision 1.20)
\pgf@plot@mark@count=\count120
\pgfplotmarksize=\dimen171
)
\tikz@lastx=\dimen172
\tikz@lasty=\dimen173
\tikz@lastxsaved=\dimen174
\tikz@lastysaved=\dimen175
\tikzleveldistance=\dimen176
\tikzsiblingdistance=\dimen177
\tikz@figbox=\box37
\tikz@figbox@bg=\box38
\tikz@tempbox=\box39
\tikz@tempbox@bg=\box40
\tikztreelevel=\count121
\tikznumberofchildren=\count122
\tikznumberofcurrentchild=\count123
\tikz@fig@count=\count124

("C:\Program Files\MiKTeX 2.9\tex\generic\pgf\modules\pgfmodulematrix.code.tex"
File: pgfmodulematrix.code.tex 2013/09/17  (rcs-revision 1.8)
\pgfmatrixcurrentrow=\count125
\pgfmatrixcurrentcolumn=\count126
\pgf@matrix@numberofcolumns=\count127
)
\tikz@expandcount=\count128

("C:\Program Files\MiKTeX 2.9\tex\generic\pgf\frontendlayer\tikz\libraries\tikz
librarytopaths.code.tex"
File: tikzlibrarytopaths.code.tex 2008/06/17 v3.0.1a (rcs-revision 1.2)
)))
("C:\Program Files\MiKTeX 2.9\tex\latex\smartdiagram\smartdiagram.sty"
Package: smartdiagram 2016/12/23 v0.3b Automatic creation of smart diagrams fro
m lists of items.

("C:\Program Files\MiKTeX 2.9\tex\latex\etoolbox\etoolbox.sty"
Package: etoolbox 2017/11/22 v2.5 e-TeX tools for LaTeX (JAW)
\etb@tempcnta=\count129
)
("C:\Program Files\MiKTeX 2.9\tex\latex\l3packages\xparse\xparse.sty"
("C:\Program Files\MiKTeX 2.9\tex\latex\l3kernel\expl3.sty"
Package: expl3 2017/12/05 L3 programming layer (loader) 

("C:\Program Files\MiKTeX 2.9\tex\latex\l3kernel\expl3-code.tex"
Package: expl3 2017/12/05 L3 programming layer (code)
\c_max_int=\count130
\l_tmpa_int=\count131
\l_tmpb_int=\count132
\g_tmpa_int=\count133
\g_tmpb_int=\count134
\g__intarray_font_int=\count135
\g__prg_map_int=\count136
\c_log_iow=\count137
\l_iow_line_count_int=\count138
\l__iow_line_target_int=\count139
\l__iow_one_indent_int=\count140
\l__iow_indent_int=\count141
\c_zero_dim=\dimen178
\c_max_dim=\dimen179
\l_tmpa_dim=\dimen180
\l_tmpb_dim=\dimen181
\g_tmpa_dim=\dimen182
\g_tmpb_dim=\dimen183
\c_zero_skip=\skip50
\c_max_skip=\skip51
\l_tmpa_skip=\skip52
\l_tmpb_skip=\skip53
\g_tmpa_skip=\skip54
\g_tmpb_skip=\skip55
\c_zero_muskip=\muskip11
\c_max_muskip=\muskip12
\l_tmpa_muskip=\muskip13
\l_tmpb_muskip=\muskip14
\g_tmpa_muskip=\muskip15
\g_tmpb_muskip=\muskip16
\l_keys_choice_int=\count142
\c__fp_leading_shift_int=\count143
\c__fp_middle_shift_int=\count144
\c__fp_trailing_shift_int=\count145
\c__fp_big_leading_shift_int=\count146
\c__fp_big_middle_shift_int=\count147
\c__fp_big_trailing_shift_int=\count148
\c__fp_Bigg_leading_shift_int=\count149
\c__fp_Bigg_middle_shift_int=\count150
\c__fp_Bigg_trailing_shift_int=\count151
\c__fp_rand_size_int=\count152
\c__fp_rand_four_int=\count153
\c__fp_rand_eight_int=\count154
\l__sort_length_int=\count155
\l__sort_min_int=\count156
\l__sort_top_int=\count157
\l__sort_max_int=\count158
\l__sort_true_max_int=\count159
\l__sort_block_int=\count160
\l__sort_begin_int=\count161
\l__sort_end_int=\count162
\l__sort_A_int=\count163
\l__sort_B_int=\count164
\l__sort_C_int=\count165
\l__tl_build_start_index_int=\count166
\l__tl_build_index_int=\count167
\l__tl_analysis_normal_int=\count168
\l__tl_analysis_index_int=\count169
\l__tl_analysis_nesting_int=\count170
\l__tl_analysis_type_int=\count171
\l__regex_internal_a_int=\count172
\l__regex_internal_b_int=\count173
\l__regex_internal_c_int=\count174
\l__regex_balance_int=\count175
\l__regex_group_level_int=\count176
\l__regex_mode_int=\count177
\c__regex_cs_in_class_mode_int=\count178
\c__regex_cs_mode_int=\count179
\l__regex_catcodes_int=\count180
\l__regex_default_catcodes_int=\count181
\c__regex_catcode_D_int=\count182
\c__regex_catcode_S_int=\count183
\c__regex_catcode_L_int=\count184
\c__regex_catcode_O_int=\count185
\c__regex_catcode_A_int=\count186
\c__regex_all_catcodes_int=\count187
\l__regex_show_lines_int=\count188
\l__regex_min_state_int=\count189
\l__regex_max_state_int=\count190
\l__regex_left_state_int=\count191
\l__regex_right_state_int=\count192
\l__regex_capturing_group_int=\count193
\l__regex_min_pos_int=\count194
\l__regex_max_pos_int=\count195
\l__regex_curr_pos_int=\count196
\l__regex_start_pos_int=\count197
\l__regex_success_pos_int=\count198
\l__regex_curr_char_int=\count199
\l__regex_curr_catcode_int=\count266
\l__regex_last_char_int=\count267
\l__regex_case_changed_char_int=\count268
\l__regex_curr_state_int=\count269
\l__regex_step_int=\count270
\l__regex_min_active_int=\count271
\l__regex_max_active_int=\count272
\l__regex_replacement_csnames_int=\count273
\l__regex_match_count_int=\count274
\l__regex_min_submatch_int=\count275
\l__regex_submatch_int=\count276
\l__regex_zeroth_submatch_int=\count277
\g__debug_trace_regex_int=\count278
\c_empty_box=\box41
\l_tmpa_box=\box42
\l_tmpb_box=\box43
\g_tmpa_box=\box44
\g_tmpb_box=\box45
\l__box_top_dim=\dimen184
\l__box_bottom_dim=\dimen185
\l__box_left_dim=\dimen186
\l__box_right_dim=\dimen187
\l__box_top_new_dim=\dimen188
\l__box_bottom_new_dim=\dimen189
\l__box_left_new_dim=\dimen190
\l__box_right_new_dim=\dimen191
\l__box_internal_box=\box46
\l__coffin_internal_box=\box47
\l__coffin_internal_dim=\dimen192
\l__coffin_offset_x_dim=\dimen193
\l__coffin_offset_y_dim=\dimen194
\l__coffin_x_dim=\dimen195
\l__coffin_y_dim=\dimen196
\l__coffin_x_prime_dim=\dimen197
\l__coffin_y_prime_dim=\dimen198
\c_empty_coffin=\box48
\l__coffin_aligned_coffin=\box49
\l__coffin_aligned_internal_coffin=\box50
\l_tmpa_coffin=\box51
\l_tmpb_coffin=\box52
\l__coffin_display_coffin=\box53
\l__coffin_display_coord_coffin=\box54
\l__coffin_display_pole_coffin=\box55
\l__coffin_display_offset_dim=\dimen199
\l__coffin_display_x_dim=\dimen256
\l__coffin_display_y_dim=\dimen257
\l__coffin_bounding_shift_dim=\dimen258
\l__coffin_left_corner_dim=\dimen259
\l__coffin_right_corner_dim=\dimen260
\l__coffin_bottom_corner_dim=\dimen261
\l__coffin_top_corner_dim=\dimen262
\l__coffin_scaled_total_height_dim=\dimen263
\l__coffin_scaled_width_dim=\dimen264
)
("C:\Program Files\MiKTeX 2.9\tex\latex\l3kernel\l3pdfmode.def"
File: l3pdfmode.def 2017/03/18 v L3 Experimental driver: PDF mode
\l__driver_color_stack_int=\count279
\l__driver_tmp_box=\box56
))
Package: xparse 2017/12/05 L3 Experimental document command parser
\l__xparse_current_arg_int=\count280
\g__xparse_grabber_int=\count281
\l__xparse_m_args_int=\count282
\l__xparse_mandatory_args_int=\count283
\l__xparse_v_nesting_int=\count284
)
("C:\Program Files\MiKTeX 2.9\tex\latex\xstring\xstring.sty"
("C:\Program Files\MiKTeX 2.9\tex\generic\xstring\xstring.tex"
\@xs@message=\write4
\integerpart=\count285
\decimalpart=\count286
)
Package: xstring 2013/10/13  v1.7c  String manipulations (C Tellechea)
)
("C:\Program Files\MiKTeX 2.9\tex\generic\pgf\frontendlayer\tikz\libraries\tikz
librarybackgrounds.code.tex"
File: tikzlibrarybackgrounds.code.tex 2013/07/18 v3.0.1a (rcs-revision 1.3)
\pgf@layerbox@background=\box57
\pgf@layerboxsaved@background=\box58
)
("C:\Program Files\MiKTeX 2.9\tex\generic\pgf\frontendlayer\tikz\libraries\tikz
librarycalc.code.tex"
File: tikzlibrarycalc.code.tex 2013/07/15 v3.0.1a (rcs-revision 1.9)
)
("C:\Program Files\MiKTeX 2.9\tex\generic\pgf\frontendlayer\tikz\libraries\tikz
libraryfadings.code.tex"
File: tikzlibraryfadings.code.tex 2009/11/15 v3.0.1a (rcs-revision 1.2)

("C:\Program Files\MiKTeX 2.9\tex\generic\pgf\libraries\pgflibraryfadings.code.
tex"
File: pgflibraryfadings.code.tex 2008/02/07 v3.0.1a (rcs-revision 1.3)
))
("C:\Program Files\MiKTeX 2.9\tex\generic\pgf\frontendlayer\tikz\libraries\tikz
libraryshadows.code.tex"
File: tikzlibraryshadows.code.tex 2008/01/13 v3.0.1a (rcs-revision 1.3)
)
("C:\Program Files\MiKTeX 2.9\tex\generic\pgf\frontendlayer\tikz\libraries\tikz
libraryshapes.arrows.code.tex"
File: tikzlibraryshapes.arrows.code.tex 2008/01/09 v3.0.1a (rcs-revision 1.1)

("C:\Program Files\MiKTeX 2.9\tex\generic\pgf\libraries\shapes\pgflibraryshapes
.arrows.code.tex"
File: pgflibraryshapes.arrows.code.tex 2008/06/26 v3.0.1a (rcs-revision 1.1)
))
("C:\Program Files\MiKTeX 2.9\tex\generic\pgf\frontendlayer\tikz\libraries\tikz
libraryshapes.symbols.code.tex"
File: tikzlibraryshapes.symbols.code.tex 2008/01/09 v3.0.1a (rcs-revision 1.1)

("C:\Program Files\MiKTeX 2.9\tex\generic\pgf\libraries\shapes\pgflibraryshapes
.symbols.code.tex"
File: pgflibraryshapes.symbols.code.tex 2013/09/11 v3.0.1a (rcs-revision 1.6)
))
\pgf@layerbox@smart diagram arrow back=\box59
\pgf@layerboxsaved@smart diagram arrow back=\box60

("C:\Program Files\MiKTeX 2.9\tex\latex\smartdiagram\smartdiagramlibrarycore.de
finitions.code.tex"
.................................................
. LaTeX info: "xparse/define-command"
. 
. Defining command \smartdiagramset with sig. 'm' on line 262.
.................................................
)
("C:\Program Files\MiKTeX 2.9\tex\latex\smartdiagram\smartdiagramlibrarycore.st
yles.code.tex")
("C:\Program Files\MiKTeX 2.9\tex\latex\smartdiagram\smartdiagramlibrarycore.co
mmands.code.tex"
.................................................
. LaTeX info: "xparse/define-command"
. 
. Defining command \smartdiagram with sig. 'r[] m' on line 244.
.................................................
.................................................
. LaTeX info: "xparse/define-command"
. 
. Defining command \smartdiagramanimated with sig. 'r[] m' on line 487.
.................................................
)) ("C:\Program Files\MiKTeX 2.9\tex\latex\hyperref\hyperref.sty"
Package: hyperref 2017/03/14 v6.85a Hypertext links for LaTeX
 ("C:\Program Files\MiKTeX 2.9\tex\generic\oberdiek\hobsub-hyperref.sty"
Package: hobsub-hyperref 2016/05/16 v1.14 Bundle oberdiek, subset hyperref (HO)


("C:\Program Files\MiKTeX 2.9\tex\generic\oberdiek\hobsub-generic.sty"
Package: hobsub-generic 2016/05/16 v1.14 Bundle oberdiek, subset generic (HO)
Package: hobsub 2016/05/16 v1.14 Construct package bundles (HO)
Package: infwarerr 2016/05/16 v1.4 Providing info/warning/error messages (HO)
Package: ltxcmds 2016/05/16 v1.23 LaTeX kernel commands for general use (HO)
Package: ifluatex 2016/05/16 v1.4 Provides the ifluatex switch (HO)
Package ifluatex Info: LuaTeX not detected.
Package hobsub Info: Skipping package `ifvtex' (already loaded).
Package: intcalc 2016/05/16 v1.2 Expandable calculations with integers (HO)
Package hobsub Info: Skipping package `ifpdf' (already loaded).
Package: etexcmds 2016/05/16 v1.6 Avoid name clashes with e-TeX commands (HO)
Package etexcmds Info: Could not find \expanded.
(etexcmds)             That can mean that you are not using pdfTeX 1.50 or
(etexcmds)             that some package has redefined \expanded.
(etexcmds)             In the latter case, load this package earlier.
Package: kvsetkeys 2016/05/16 v1.17 Key value parser (HO)
Package: kvdefinekeys 2016/05/16 v1.4 Define keys (HO)
Package: pdftexcmds 2017/03/19 v0.25 Utility functions of pdfTeX for LuaTeX (HO
)
Package pdftexcmds Info: LuaTeX not detected.
Package pdftexcmds Info: \pdf@primitive is available.
Package pdftexcmds Info: \pdf@ifprimitive is available.
Package pdftexcmds Info: \pdfdraftmode found.
Package: pdfescape 2016/05/16 v1.14 Implements pdfTeX's escape features (HO)
Package: bigintcalc 2016/05/16 v1.4 Expandable calculations on big integers (HO
)
Package: bitset 2016/05/16 v1.2 Handle bit-vector datatype (HO)
Package: uniquecounter 2016/05/16 v1.3 Provide unlimited unique counter (HO)
)
Package hobsub Info: Skipping package `hobsub' (already loaded).
Package: letltxmacro 2016/05/16 v1.5 Let assignment for LaTeX macros (HO)
Package: hopatch 2016/05/16 v1.3 Wrapper for package hooks (HO)
Package: xcolor-patch 2016/05/16 xcolor patch
Package: atveryend 2016/05/16 v1.9 Hooks at the very end of document (HO)
Package: atbegshi 2016/06/09 v1.18 At begin shipout hook (HO)
Package: refcount 2016/05/16 v3.5 Data extraction from label references (HO)
Package: hycolor 2016/05/16 v1.8 Color options for hyperref/bookmark (HO)
)
("C:\Program Files\MiKTeX 2.9\tex\latex\oberdiek\auxhook.sty"
Package: auxhook 2016/05/16 v1.4 Hooks for auxiliary files (HO)
)
("C:\Program Files\MiKTeX 2.9\tex\latex\oberdiek\kvoptions.sty"
Package: kvoptions 2016/05/16 v3.12 Key value format for package options (HO)
)
\@linkdim=\dimen265
\Hy@linkcounter=\count287
\Hy@pagecounter=\count288

("C:\Program Files\MiKTeX 2.9\tex\latex\hyperref\pd1enc.def"
File: pd1enc.def 2017/03/14 v6.85a Hyperref: PDFDocEncoding definition (HO)
)
\Hy@SavedSpaceFactor=\count289

("C:\Program Files\MiKTeX 2.9\tex\latex\00miktex\hyperref.cfg"
File: hyperref.cfg 2002/06/06 v1.2 hyperref configuration of TeXLive
)
Package hyperref Info: Hyper figures OFF on input line 4498.
Package hyperref Info: Link nesting OFF on input line 4503.
Package hyperref Info: Hyper index ON on input line 4506.
Package hyperref Info: Plain pages OFF on input line 4513.
Package hyperref Info: Backreferencing OFF on input line 4518.
Package hyperref Info: Implicit mode ON; LaTeX internals redefined.
Package hyperref Info: Bookmarks ON on input line 4751.
\c@Hy@tempcnt=\count290

("C:\Program Files\MiKTeX 2.9\tex\latex\url\url.sty"
\Urlmuskip=\muskip17
Package: url 2013/09/16  ver 3.4  Verb mode for urls, etc.
)
LaTeX Info: Redefining \url on input line 5104.
\XeTeXLinkMargin=\dimen266
\Fld@menulength=\count291
\Field@Width=\dimen267
\Fld@charsize=\dimen268
Package hyperref Info: Hyper figures OFF on input line 6358.
Package hyperref Info: Link nesting OFF on input line 6363.
Package hyperref Info: Hyper index ON on input line 6366.
Package hyperref Info: backreferencing OFF on input line 6373.
Package hyperref Info: Link coloring OFF on input line 6378.
Package hyperref Info: Link coloring with OCG OFF on input line 6383.
Package hyperref Info: PDF/A mode OFF on input line 6388.
LaTeX Info: Redefining \ref on input line 6428.
LaTeX Info: Redefining \pageref on input line 6432.
\Hy@abspage=\count292
\c@Item=\count293
\c@Hfootnote=\count294
)

Package hyperref Message: Driver (autodetected): hpdftex.

("C:\Program Files\MiKTeX 2.9\tex\latex\hyperref\hpdftex.def"
File: hpdftex.def 2017/03/14 v6.85a Hyperref driver for pdfTeX
\Fld@listcount=\count295
\c@bookmark@seq@number=\count296

("C:\Program Files\MiKTeX 2.9\tex\latex\oberdiek\rerunfilecheck.sty"
Package: rerunfilecheck 2016/05/16 v1.8 Rerun checks for auxiliary files (HO)
Package uniquecounter Info: New unique counter `rerunfilecheck' on input line 2
82.
)
\Hy@SectionHShift=\skip56
)
("C:\Program Files\MiKTeX 2.9\tex\latex\tools\array.sty"
Package: array 2016/10/06 v2.4d Tabular extension package (FMi)
\col@sep=\dimen269
\extrarowheight=\dimen270
\NC@list=\toks41
\extratabsurround=\skip57
\backup@length=\skip58
) (linearelasticity.aux)
\openout1 = `linearelasticity.aux'.

LaTeX Font Info:    Checking defaults for OML/cmm/m/it on input line 38.
LaTeX Font Info:    ... okay on input line 38.
LaTeX Font Info:    Checking defaults for T1/cmr/m/n on input line 38.
LaTeX Font Info:    ... okay on input line 38.
LaTeX Font Info:    Checking defaults for OT1/cmr/m/n on input line 38.
LaTeX Font Info:    ... okay on input line 38.
LaTeX Font Info:    Checking defaults for OMS/cmsy/m/n on input line 38.
LaTeX Font Info:    ... okay on input line 38.
LaTeX Font Info:    Checking defaults for OMX/cmex/m/n on input line 38.
LaTeX Font Info:    ... okay on input line 38.
LaTeX Font Info:    Checking defaults for U/cmr/m/n on input line 38.
LaTeX Font Info:    ... okay on input line 38.
LaTeX Font Info:    Checking defaults for PD1/pdf/m/n on input line 38.
LaTeX Font Info:    ... okay on input line 38.

*geometry* driver: auto-detecting
*geometry* detected driver: pdftex
*geometry* verbose mode - [ preamble ] result:
* driver: pdftex
* paper: a4paper
* layout: <same size as paper>
* layoutoffset:(h,v)=(0.0pt,0.0pt)
* modes: 
* h-part:(L,W,R)=(85.35826pt, 455.24411pt, 56.9055pt)
* v-part:(T,H,B)=(56.9055pt, 731.23584pt, 56.9055pt)
* \paperwidth=597.50787pt
* \paperheight=845.04684pt
* \textwidth=455.24411pt
* \textheight=731.23584pt
* \oddsidemargin=13.08827pt
* \evensidemargin=13.08827pt
* \topmargin=-52.36449pt
* \headheight=12.0pt
* \headsep=25.0pt
* \topskip=11.0pt
* \footskip=30.0pt
* \marginparwidth=50.0pt
* \marginparsep=10.0pt
* \columnsep=10.0pt
* \skip\footins=10.0pt plus 4.0pt minus 2.0pt
* \hoffset=0.0pt
* \voffset=0.0pt
* \mag=1000
* \@twocolumnfalse
* \@twosidefalse
* \@mparswitchfalse
* \@reversemarginfalse
* (1in=72.27pt=25.4mm, 1cm=28.453pt)

("C:\Program Files\MiKTeX 2.9\tex\context\base\supp-pdf.mkii"
[Loading MPS to PDF converter (version 2006.09.02).]
\scratchcounter=\count297
\scratchdimen=\dimen271
\scratchbox=\box61
\nofMPsegments=\count298
\nofMParguments=\count299
\everyMPshowfont=\toks42
\MPscratchCnt=\count300
\MPscratchDim=\dimen272
\MPnumerator=\count301
\makeMPintoPDFobject=\count302
\everyMPtoPDFconversion=\toks43
) ("C:\Program Files\MiKTeX 2.9\tex\latex\oberdiek\epstopdf-base.sty"
Package: epstopdf-base 2016/05/15 v2.6 Base part for package epstopdf

("C:\Program Files\MiKTeX 2.9\tex\latex\oberdiek\grfext.sty"
Package: grfext 2016/05/16 v1.2 Manage graphics extensions (HO)
)
Package epstopdf-base Info: Redefining graphics rule for `.eps' on input line 4
38.
Package grfext Info: Graphics extension search list:
(grfext)             [.pdf,.png,.jpg,.mps,.jpeg,.jbig2,.jb2,.PDF,.PNG,.JPG,.JPE
G,.JBIG2,.JB2,.eps]
(grfext)             \AppendGraphicsExtensions on input line 456.
)
Package caption Info: Begin \AtBeginDocument code.
Package caption Info: hyperref package is loaded.
Package caption Info: wrapfig package is loaded.
Package caption Info: End \AtBeginDocument code.

ABD: EveryShipout initializing macros
\AtBeginShipoutBox=\box62
Package hyperref Info: Link coloring OFF on input line 38.

("C:\Program Files\MiKTeX 2.9\tex\latex\hyperref\nameref.sty"
Package: nameref 2016/05/21 v2.44 Cross-referencing by name of section

("C:\Program Files\MiKTeX 2.9\tex\generic\oberdiek\gettitlestring.sty"
Package: gettitlestring 2016/05/16 v1.5 Cleanup title references (HO)
)
\c@section@level=\count303
)
LaTeX Info: Redefining \ref on input line 38.
LaTeX Info: Redefining \pageref on input line 38.
LaTeX Info: Redefining \nameref on input line 38.

(linearelasticity.out) (linearelasticity.out)
\@outlinefile=\write5
\openout5 = `linearelasticity.out'.

LaTeX Font Info:    Try loading font information for U+msa on input line 40.

("C:\Program Files\MiKTeX 2.9\tex\latex\amsfonts\umsa.fd"
File: umsa.fd 2013/01/14 v3.01 AMS symbols A
)
LaTeX Font Info:    Try loading font information for U+msb on input line 40.

("C:\Program Files\MiKTeX 2.9\tex\latex\amsfonts\umsb.fd"
File: umsb.fd 2013/01/14 v3.01 AMS symbols B
) [1

{C:/Users/alifi/AppData/Local/MiKTeX/2.9/pdftex/config/pdftex.map}] [2]
LaTeX Font Info:    Try loading font information for OMS+cmr on input line 191.


("C:\Program Files\MiKTeX 2.9\tex\latex\base\omscmr.fd"
File: omscmr.fd 2014/09/29 v2.5h Standard LaTeX font definitions
)
LaTeX Font Info:    Font shape `OMS/cmr/m/it' in size <10.95> not available
(Font)              Font shape `OMS/cmsy/m/n' tried instead on input line 191.
 [3]

LaTeX Warning: Reference `parametertable' on page 4 undefined on input line 250
.

<picture/3dmodellinearelasticity.png, id=163, 579.3645pt x 442.7742pt>
File: picture/3dmodellinearelasticity.png Graphic file (type png)
<use picture/3dmodellinearelasticity.png>
Package pdftex.def Info: picture/3dmodellinearelasticity.png  used on input lin
e 273.
(pdftex.def)             Requested size: 227.62206pt x 173.95816pt.
[4 <./picture/3dmodellinearelasticity.png>]
<picture/conference/2d1.png, id=177, 4269.9525pt x 2282.5275pt>
File: picture/conference/2d1.png Graphic file (type png)
<use picture/conference/2d1.png>
Package pdftex.def Info: picture/conference/2d1.png  used on input line 291.
(pdftex.def)             Requested size: 227.62206pt x 121.65602pt.
<picture/conference/3d1.png, id=178, 4269.9525pt x 2282.5275pt>
File: picture/conference/3d1.png Graphic file (type png)
<use picture/conference/3d1.png>
Package pdftex.def Info: picture/conference/3d1.png  used on input line 298.
(pdftex.def)             Requested size: 227.62206pt x 121.65602pt.

Overfull \hbox (13.38336pt too wide) in paragraph at lines 289--302
[][]  [] 
 []

<picture/conference/2dstress.png, id=180, 3476.99pt x 2282.5275pt>
File: picture/conference/2dstress.png Graphic file (type png)
<use picture/conference/2dstress.png>
Package pdftex.def Info: picture/conference/2dstress.png  used on input line 31
0.
(pdftex.def)             Requested size: 227.62206pt x 149.41435pt.
<picture/conference/3dstress.png, id=181, 3476.99pt x 2282.5275pt>
File: picture/conference/3dstress.png Graphic file (type png)
<use picture/conference/3dstress.png>
Package pdftex.def Info: picture/conference/3dstress.png  used on input line 31
7.
(pdftex.def)             Requested size: 227.62206pt x 149.41435pt.

Overfull \hbox (13.38336pt too wide) in paragraph at lines 308--321
[][]  [] 
 []

[5 <./picture/conference/2d1.png> <./picture/conference/3d1.png> <./picture/con
ference/2dstress.png> <./picture/conference/3dstress.png>]
<picture/conference/2dstress1.png, id=193, 3476.99pt x 2282.5275pt>
File: picture/conference/2dstress1.png Graphic file (type png)
<use picture/conference/2dstress1.png>
Package pdftex.def Info: picture/conference/2dstress1.png  used on input line 3
29.
(pdftex.def)             Requested size: 227.62206pt x 149.41435pt.
<picture/conference/3dstress1.png, id=194, 3476.99pt x 2282.5275pt>
File: picture/conference/3dstress1.png Graphic file (type png)
<use picture/conference/3dstress1.png>
Package pdftex.def Info: picture/conference/3dstress1.png  used on input line 3
35.
(pdftex.def)             Requested size: 227.62206pt x 149.41435pt.

Overfull \hbox (13.38336pt too wide) in paragraph at lines 327--339
[][]  [] 
 []

<picture/conference/3dslice4.png, id=196, 3476.99pt x 2282.5275pt>
File: picture/conference/3dslice4.png Graphic file (type png)
<use picture/conference/3dslice4.png>
Package pdftex.def Info: picture/conference/3dslice4.png  used on input line 34
7.
(pdftex.def)             Requested size: 227.62206pt x 149.41435pt.
<picture/conference/3dslice6.png, id=197, 3476.99pt x 2282.5275pt>
File: picture/conference/3dslice6.png Graphic file (type png)
<use picture/conference/3dslice6.png>
Package pdftex.def Info: picture/conference/3dslice6.png  used on input line 35
3.
(pdftex.def)             Requested size: 227.62206pt x 149.41435pt.
<picture/conference/3dslice8.png, id=198, 3476.99pt x 2282.5275pt>
File: picture/conference/3dslice8.png Graphic file (type png)
<use picture/conference/3dslice8.png>
Package pdftex.def Info: picture/conference/3dslice8.png  used on input line 35
9.
(pdftex.def)             Requested size: 227.62206pt x 149.41435pt.
<picture/conference/3dslice9.png, id=199, 3476.99pt x 2282.5275pt>
File: picture/conference/3dslice9.png Graphic file (type png)
<use picture/conference/3dslice9.png>
Package pdftex.def Info: picture/conference/3dslice9.png  used on input line 36
5.
(pdftex.def)             Requested size: 227.62206pt x 149.41435pt.

Overfull \hbox (13.38336pt too wide) in paragraph at lines 345--368
[][]  []
 []


Overfull \hbox (13.38336pt too wide) in paragraph at lines 345--368
[]  [] 
 []

[6 <./picture/conference/2dstress1.png> <./picture/conference/3dstress1.png> <.
/picture/conference/3dslice4.png> <./picture/conference/3dslice6.png> <./pictur
e/conference/3dslice8.png> <./picture/conference/3dslice9.png>]
Package epstopdf Info: Source file: <picture/conference/all2derrorP1.eps>
(epstopdf)                    date: 2018-10-04 21:36:16
(epstopdf)                    size: 50085 bytes
(epstopdf)             Output file: <picture/conference/all2derrorP1-eps-conver
ted-to.pdf>
(epstopdf)                    date: 2018-10-04 21:36:16
(epstopdf)                    size: 22417 bytes
(epstopdf)             Command: <epstopdf --outfile=picture/conference/all2derr
orP1-eps-converted-to.pdf picture/conference/all2derrorP1.eps>
(epstopdf)             \includegraphics on input line 384.
Package epstopdf Info: Output file is already uptodate.
<picture/conference/all2derrorP1-eps-converted-to.pdf, id=214, 466.74374pt x 30
8.15125pt>
File: picture/conference/all2derrorP1-eps-converted-to.pdf Graphic file (type p
df)
<use picture/conference/all2derrorP1-eps-converted-to.pdf>
Package pdftex.def Info: picture/conference/all2derrorP1-eps-converted-to.pdf  
used on input line 384.
(pdftex.def)             Requested size: 227.62206pt x 150.28072pt.
Package epstopdf Info: Source file: <picture/conference/all2derrorP2.eps>
(epstopdf)                    date: 2018-10-04 21:36:16
(epstopdf)                    size: 41840 bytes
(epstopdf)             Output file: <picture/conference/all2derrorP2-eps-conver
ted-to.pdf>
(epstopdf)                    date: 2018-10-04 21:36:16
(epstopdf)                    size: 22689 bytes
(epstopdf)             Command: <epstopdf --outfile=picture/conference/all2derr
orP2-eps-converted-to.pdf picture/conference/all2derrorP2.eps>
(epstopdf)             \includegraphics on input line 391.
Package epstopdf Info: Output file is already uptodate.
<picture/conference/all2derrorP2-eps-converted-to.pdf, id=215, 466.74374pt x 30
8.15125pt>
File: picture/conference/all2derrorP2-eps-converted-to.pdf Graphic file (type p
df)
<use picture/conference/all2derrorP2-eps-converted-to.pdf>
Package pdftex.def Info: picture/conference/all2derrorP2-eps-converted-to.pdf  
used on input line 391.
(pdftex.def)             Requested size: 227.62206pt x 150.28072pt.
Package epstopdf Info: Source file: <picture/conference/all3derrorP1.eps>
(epstopdf)                    date: 2018-10-04 21:11:07
(epstopdf)                    size: 44218 bytes
(epstopdf)             Output file: <picture/conference/all3derrorP1-eps-conver
ted-to.pdf>
(epstopdf)                    date: 2018-10-18 16:56:19
(epstopdf)                    size: 18818 bytes
(epstopdf)             Command: <epstopdf --outfile=picture/conference/all3derr
orP1-eps-converted-to.pdf picture/conference/all3derrorP1.eps>
(epstopdf)             \includegraphics on input line 397.
Package epstopdf Info: Output file is already uptodate.
<picture/conference/all3derrorP1-eps-converted-to.pdf, id=216, 464.73625pt x 30
8.15125pt>
File: picture/conference/all3derrorP1-eps-converted-to.pdf Graphic file (type p
df)
<use picture/conference/all3derrorP1-eps-converted-to.pdf>
Package pdftex.def Info: picture/conference/all3derrorP1-eps-converted-to.pdf  
used on input line 397.
(pdftex.def)             Requested size: 227.62206pt x 150.9249pt.
Package epstopdf Info: Source file: <picture/conference/all3derrorP2.eps>
(epstopdf)                    date: 2018-10-04 21:24:25
(epstopdf)                    size: 49329 bytes
(epstopdf)             Output file: <picture/conference/all3derrorP2-eps-conver
ted-to.pdf>
(epstopdf)                    date: 2018-10-18 16:56:19
(epstopdf)                    size: 19794 bytes
(epstopdf)             Command: <epstopdf --outfile=picture/conference/all3derr
orP2-eps-converted-to.pdf picture/conference/all3derrorP2.eps>
(epstopdf)             \includegraphics on input line 404.
Package epstopdf Info: Output file is already uptodate.
<picture/conference/all3derrorP2-eps-converted-to.pdf, id=217, 464.73625pt x 30
8.15125pt>
File: picture/conference/all3derrorP2-eps-converted-to.pdf Graphic file (type p
df)
<use picture/conference/all3derrorP2-eps-converted-to.pdf>
Package pdftex.def Info: picture/conference/all3derrorP2-eps-converted-to.pdf  
used on input line 404.
(pdftex.def)             Requested size: 227.62206pt x 150.9249pt.

Overfull \hbox (13.38336pt too wide) in paragraph at lines 382--408
[][]  []
 []


Overfull \hbox (13.38336pt too wide) in paragraph at lines 382--408
[]  [] 
 []

[7 <./picture/conference/all2derrorP1-eps-converted-to.pdf> <./picture/conferen
ce/all2derrorP2-eps-converted-to.pdf> <./picture/conference/all3derrorP1-eps-co
nverted-to.pdf> <./picture/conference/all3derrorP2-eps-converted-to.pdf>]
Package epstopdf Info: Source file: <picture/conference/sincantilever-mesh.eps>

(epstopdf)                    date: 2018-10-04 20:59:49
(epstopdf)                    size: 264065 bytes
(epstopdf)             Output file: <picture/conference/sincantilever-mesh-eps-
converted-to.pdf>
(epstopdf)                    date: 2018-10-04 21:03:36
(epstopdf)                    size: 74628 bytes
(epstopdf)             Command: <epstopdf --outfile=picture/conference/sincanti
lever-mesh-eps-converted-to.pdf picture/conference/sincantilever-mesh.eps>
(epstopdf)             \includegraphics on input line 453.
Package epstopdf Info: Output file is already uptodate.
<picture/conference/sincantilever-mesh-eps-converted-to.pdf, id=433, 598.235pt 
x 422.57875pt>
File: picture/conference/sincantilever-mesh-eps-converted-to.pdf Graphic file (
type pdf)
<use picture/conference/sincantilever-mesh-eps-converted-to.pdf>
Package pdftex.def Info: picture/conference/sincantilever-mesh-eps-converted-to
.pdf  used on input line 453.
(pdftex.def)             Requested size: 273.14923pt x 192.95067pt.
Package epstopdf Info: Source file: <picture/conference/sincantilever-error.eps
>
(epstopdf)                    date: 2018-10-04 21:36:16
(epstopdf)                    size: 47903 bytes
(epstopdf)             Output file: <picture/conference/sincantilever-error-eps
-converted-to.pdf>
(epstopdf)                    date: 2018-10-04 21:36:16
(epstopdf)                    size: 24115 bytes
(epstopdf)             Command: <epstopdf --outfile=picture/conference/sincanti
lever-error-eps-converted-to.pdf picture/conference/sincantilever-error.eps>
(epstopdf)             \includegraphics on input line 459.
Package epstopdf Info: Output file is already uptodate.
<picture/conference/sincantilever-error-eps-converted-to.pdf, id=434, 466.74374
pt x 308.15125pt>
File: picture/conference/sincantilever-error-eps-converted-to.pdf Graphic file 
(type pdf)
<use picture/conference/sincantilever-error-eps-converted-to.pdf>
Package pdftex.def Info: picture/conference/sincantilever-error-eps-converted-t
o.pdf  used on input line 459.
(pdftex.def)             Requested size: 227.62206pt x 150.28072pt.

[8 <./picture/conference/sincantilever-mesh-eps-converted-to.pdf> <./picture/co
nference/sincantilever-error-eps-converted-to.pdf>]
Package epstopdf Info: Source file: <picture/conference/mesh-deform-crack.eps>
(epstopdf)                    date: 2018-10-04 20:12:46
(epstopdf)                    size: 3596703 bytes
(epstopdf)             Output file: <picture/conference/mesh-deform-crack-eps-c
onverted-to.pdf>
(epstopdf)                    date: 2018-10-04 21:24:06
(epstopdf)                    size: 1015038 bytes
(epstopdf)             Command: <epstopdf --outfile=picture/conference/mesh-def
orm-crack-eps-converted-to.pdf picture/conference/mesh-deform-crack.eps>
(epstopdf)             \includegraphics on input line 470.
Package epstopdf Info: Output file is already uptodate.
<picture/conference/mesh-deform-crack-eps-converted-to.pdf, id=505, 598.235pt x
 422.57875pt>
File: picture/conference/mesh-deform-crack-eps-converted-to.pdf Graphic file (t
ype pdf)
<use picture/conference/mesh-deform-crack-eps-converted-to.pdf>
Package pdftex.def Info: picture/conference/mesh-deform-crack-eps-converted-to.
pdf  used on input line 470.
(pdftex.def)             Requested size: 273.14923pt x 192.95067pt.
Package epstopdf Info: Source file: <picture/conference/totalenergy.eps>
(epstopdf)                    date: 2018-11-15 16:02:16
(epstopdf)                    size: 61356 bytes
(epstopdf)             Output file: <picture/conference/totalenergy-eps-convert
ed-to.pdf>
(epstopdf)                    date: 2018-11-15 16:02:16
(epstopdf)                    size: 20969 bytes
(epstopdf)             Command: <epstopdf --outfile=picture/conference/totalene
rgy-eps-converted-to.pdf picture/conference/totalenergy.eps>
(epstopdf)             \includegraphics on input line 477.
Package epstopdf Info: Output file is already uptodate.
<picture/conference/totalenergy-eps-converted-to.pdf, id=506, 613.29124pt x 278
.03876pt>
File: picture/conference/totalenergy-eps-converted-to.pdf Graphic file (type pd
f)
<use picture/conference/totalenergy-eps-converted-to.pdf>
Package pdftex.def Info: picture/conference/totalenergy-eps-converted-to.pdf  u
sed on input line 477.
(pdftex.def)             Requested size: 455.24411pt x 206.38608pt.
Package epstopdf Info: Source file: <picture/conference/elastic.eps>
(epstopdf)                    date: 2018-11-15 16:02:16
(epstopdf)                    size: 42084 bytes
(epstopdf)             Output file: <picture/conference/elastic-eps-converted-t
o.pdf>
(epstopdf)                    date: 2018-11-15 16:02:16
(epstopdf)                    size: 128240 bytes
(epstopdf)             Command: <epstopdf --outfile=picture/conference/elastic-
eps-converted-to.pdf picture/conference/elastic.eps>
(epstopdf)             \includegraphics on input line 484.
Package epstopdf Info: Output file is already uptodate.
<picture/conference/elastic-eps-converted-to.pdf, id=507, 433.62pt x 289.08pt>
File: picture/conference/elastic-eps-converted-to.pdf Graphic file (type pdf)
<use picture/conference/elastic-eps-converted-to.pdf>
Package pdftex.def Info: picture/conference/elastic-eps-converted-to.pdf  used 
on input line 484.
(pdftex.def)             Requested size: 223.07211pt x 148.71686pt.
Package epstopdf Info: Source file: <picture/conference/cracklength.eps>
(epstopdf)                    date: 2018-11-15 16:02:16
(epstopdf)                    size: 27272 bytes
(epstopdf)             Output file: <picture/conference/cracklength-eps-convert
ed-to.pdf>
(epstopdf)                    date: 2018-11-15 16:02:16
(epstopdf)                    size: 17990 bytes
(epstopdf)             Command: <epstopdf --outfile=picture/conference/cracklen
gth-eps-converted-to.pdf picture/conference/cracklength.eps>
(epstopdf)             \includegraphics on input line 491.
Package epstopdf Info: Output file is already uptodate.
<picture/conference/cracklength-eps-converted-to.pdf, id=508, 433.62pt x 289.08
pt>
File: picture/conference/cracklength-eps-converted-to.pdf Graphic file (type pd
f)
<use picture/conference/cracklength-eps-converted-to.pdf>
Package pdftex.def Info: picture/conference/cracklength-eps-converted-to.pdf  u
sed on input line 491.
(pdftex.def)             Requested size: 223.07211pt x 148.71686pt.

Overfull \hbox (4.28348pt too wide) in paragraph at lines 475--495
[]  [] 
 []


LaTeX Warning: `!h' float specifier changed to `!ht'.

Package epstopdf Info: Source file: <picture/conference/crackerrp1.eps>
(epstopdf)                    date: 2019-01-07 19:36:54
(epstopdf)                    size: 35691 bytes
(epstopdf)             Output file: <picture/conference/crackerrp1-eps-converte
d-to.pdf>
(epstopdf)                    date: 2019-01-07 19:36:54
(epstopdf)                    size: 18243 bytes
(epstopdf)             Command: <epstopdf --outfile=picture/conference/crackerr
p1-eps-converted-to.pdf picture/conference/crackerrp1.eps>
(epstopdf)             \includegraphics on input line 509.
Package epstopdf Info: Output file is already uptodate.
<picture/conference/crackerrp1-eps-converted-to.pdf, id=511, 462.72874pt x 308.
15125pt>
File: picture/conference/crackerrp1-eps-converted-to.pdf Graphic file (type pdf
)
<use picture/conference/crackerrp1-eps-converted-to.pdf>
Package pdftex.def Info: picture/conference/crackerrp1-eps-converted-to.pdf  us
ed on input line 509.
(pdftex.def)             Requested size: 318.66948pt x 212.2155pt.

Underfull \hbox (badness 10000) in paragraph at lines 505--514

 []


LaTeX Warning: `!h' float specifier changed to `!ht'.

[9 <./picture/conference/mesh-deform-crack-eps-converted-to.pdf>]
Package epstopdf Info: Source file: <picture/conference/mesh-deform-case.eps>
(epstopdf)                    date: 2018-10-18 16:56:19
(epstopdf)                    size: 887272 bytes
(epstopdf)             Output file: <picture/conference/mesh-deform-case-eps-co
nverted-to.pdf>
(epstopdf)                    date: 2018-10-18 16:56:19
(epstopdf)                    size: 203853 bytes
(epstopdf)             Command: <epstopdf --outfile=picture/conference/mesh-def
orm-case-eps-converted-to.pdf picture/conference/mesh-deform-case.eps>
(epstopdf)             \includegraphics on input line 521.
Package epstopdf Info: Output file is already uptodate.
<picture/conference/mesh-deform-case-eps-converted-to.pdf, id=526, 598.235pt x 
422.57875pt>
File: picture/conference/mesh-deform-case-eps-converted-to.pdf Graphic file (ty
pe pdf)
<use picture/conference/mesh-deform-case-eps-converted-to.pdf>
Package pdftex.def Info: picture/conference/mesh-deform-case-eps-converted-to.p
df  used on input line 521.
(pdftex.def)             Requested size: 455.24411pt x 321.57585pt.
 [10 <./picture/conference/totalenergy-eps-converted-to.pdf> <./picture/confere
nce/elastic-eps-converted-to.pdf> <./picture/conference/cracklength-eps-convert
ed-to.pdf> <./picture/conference/crackerrp1-eps-converted-to.pdf>]
Package epstopdf Info: Source file: <picture/conference/totalenergycase.eps>
(epstopdf)                    date: 2019-01-07 19:36:54
(epstopdf)                    size: 42880 bytes
(epstopdf)             Output file: <picture/conference/totalenergycase-eps-con
verted-to.pdf>
(epstopdf)                    date: 2019-01-07 19:36:54
(epstopdf)                    size: 16908 bytes
(epstopdf)             Command: <epstopdf --outfile=picture/conference/totalene
rgycase-eps-converted-to.pdf picture/conference/totalenergycase.eps>
(epstopdf)             \includegraphics on input line 529.
Package epstopdf Info: Output file is already uptodate.
<picture/conference/totalenergycase-eps-converted-to.pdf, id=682, 512.91624pt x
 278.03876pt>
File: picture/conference/totalenergycase-eps-converted-to.pdf Graphic file (typ
e pdf)
<use picture/conference/totalenergycase-eps-converted-to.pdf>
Package pdftex.def Info: picture/conference/totalenergycase-eps-converted-to.pd
f  used on input line 529.
(pdftex.def)             Requested size: 455.24411pt x 246.77914pt.
Package epstopdf Info: Source file: <picture/conference/elasticcase.eps>
(epstopdf)                    date: 2019-01-07 19:36:54
(epstopdf)                    size: 34107 bytes
(epstopdf)             Output file: <picture/conference/elasticcase-eps-convert
ed-to.pdf>
(epstopdf)                    date: 2019-01-07 19:36:54
(epstopdf)                    size: 37078 bytes
(epstopdf)             Command: <epstopdf --outfile=picture/conference/elasticc
ase-eps-converted-to.pdf picture/conference/elasticcase.eps>
(epstopdf)             \includegraphics on input line 536.
Package epstopdf Info: Output file is already uptodate.
<picture/conference/elasticcase-eps-converted-to.pdf, id=683, 433.62pt x 289.08
pt>
File: picture/conference/elasticcase-eps-converted-to.pdf Graphic file (type pd
f)
<use picture/conference/elasticcase-eps-converted-to.pdf>
Package pdftex.def Info: picture/conference/elasticcase-eps-converted-to.pdf  u
sed on input line 536.
(pdftex.def)             Requested size: 223.07211pt x 148.71686pt.
Package epstopdf Info: Source file: <picture/conference/cracklengthcase.eps>
(epstopdf)                    date: 2019-01-07 19:36:54
(epstopdf)                    size: 27027 bytes
(epstopdf)             Output file: <picture/conference/cracklengthcase-eps-con
verted-to.pdf>
(epstopdf)                    date: 2019-01-07 19:36:54
(epstopdf)                    size: 15384 bytes
(epstopdf)             Command: <epstopdf --outfile=picture/conference/cracklen
gthcase-eps-converted-to.pdf picture/conference/cracklengthcase.eps>
(epstopdf)             \includegraphics on input line 543.
Package epstopdf Info: Output file is already uptodate.
<picture/conference/cracklengthcase-eps-converted-to.pdf, id=684, 433.62pt x 28
9.08pt>
File: picture/conference/cracklengthcase-eps-converted-to.pdf Graphic file (typ
e pdf)
<use picture/conference/cracklengthcase-eps-converted-to.pdf>
Package pdftex.def Info: picture/conference/cracklengthcase-eps-converted-to.pd
f  used on input line 543.
(pdftex.def)             Requested size: 223.07211pt x 148.71686pt.

Overfull \hbox (4.28348pt too wide) in paragraph at lines 527--547
[]  [] 
 []


LaTeX Warning: `!h' float specifier changed to `!ht'.

Package epstopdf Info: Source file: <picture/conference/crackerrp1case.eps>
(epstopdf)                    date: 2019-01-07 19:36:54
(epstopdf)                    size: 39018 bytes
(epstopdf)             Output file: <picture/conference/crackerrp1case-eps-conv
erted-to.pdf>
(epstopdf)                    date: 2019-01-07 19:36:54
(epstopdf)                    size: 18892 bytes
(epstopdf)             Command: <epstopdf --outfile=picture/conference/crackerr
p1case-eps-converted-to.pdf picture/conference/crackerrp1case.eps>
(epstopdf)             \includegraphics on input line 562.
Package epstopdf Info: Output file is already uptodate.
<picture/conference/crackerrp1case-eps-converted-to.pdf, id=687, 462.72874pt x 
308.15125pt>
File: picture/conference/crackerrp1case-eps-converted-to.pdf Graphic file (type
 pdf)
<use picture/conference/crackerrp1case-eps-converted-to.pdf>
Package pdftex.def Info: picture/conference/crackerrp1case-eps-converted-to.pdf
  used on input line 562.
(pdftex.def)             Requested size: 223.07211pt x 148.55508pt.
Package epstopdf Info: Source file: <picture/conference/manyelastic.eps>
(epstopdf)                    date: 2018-11-15 16:02:16
(epstopdf)                    size: 63759 bytes
(epstopdf)             Output file: <picture/conference/manyelastic-eps-convert
ed-to.pdf>
(epstopdf)                    date: 2018-11-15 16:02:16
(epstopdf)                    size: 22072 bytes
(epstopdf)             Command: <epstopdf --outfile=picture/conference/manyelas
tic-eps-converted-to.pdf picture/conference/manyelastic.eps>
(epstopdf)             \includegraphics on input line 569.
Package epstopdf Info: Output file is already uptodate.
<picture/conference/manyelastic-eps-converted-to.pdf, id=688, 400.49625pt x 352
.31625pt>
File: picture/conference/manyelastic-eps-converted-to.pdf Graphic file (type pd
f)
<use picture/conference/manyelastic-eps-converted-to.pdf>
Package pdftex.def Info: picture/conference/manyelastic-eps-converted-to.pdf  u
sed on input line 569.
(pdftex.def)             Requested size: 223.07211pt x 196.2367pt.

Overfull \hbox (4.28348pt too wide) in paragraph at lines 560--573
[][]  [] 
 []


Underfull \hbox (badness 10000) in paragraph at lines 557--577

 []


LaTeX Warning: `!h' float specifier changed to `!ht'.

[11 <./picture/conference/mesh-deform-case-eps-converted-to.pdf>]

LaTeX Warning: Text page 12 contains only floats.

[12 <./picture/conference/totalenergycase-eps-converted-to.pdf> <./picture/conf
erence/elasticcase-eps-converted-to.pdf> <./picture/conference/cracklengthcase-
eps-converted-to.pdf> <./picture/conference/crackerrp1case-eps-converted-to.pdf
> <./picture/conference/manyelastic-eps-converted-to.pdf>]
<picture/conference/3dcrack-mesh.png, id=902, 2211.26125pt x 1141.26375pt>
File: picture/conference/3dcrack-mesh.png Graphic file (type png)
<use picture/conference/3dcrack-mesh.png>
Package pdftex.def Info: picture/conference/3dcrack-mesh.png  used on input lin
e 582.
(pdftex.def)             Requested size: 318.66948pt x 164.46027pt.
Package epstopdf Info: Source file: <picture/conference/totalenergy3d.eps>
(epstopdf)                    date: 2019-01-07 19:36:54
(epstopdf)                    size: 51002 bytes
(epstopdf)             Output file: <picture/conference/totalenergy3d-eps-conve
rted-to.pdf>
(epstopdf)                    date: 2019-01-07 19:36:54
(epstopdf)                    size: 18516 bytes
(epstopdf)             Command: <epstopdf --outfile=picture/conference/totalene
rgy3d-eps-converted-to.pdf picture/conference/totalenergy3d.eps>
(epstopdf)             \includegraphics on input line 590.
Package epstopdf Info: Output file is already uptodate.
<picture/conference/totalenergy3d-eps-converted-to.pdf, id=903, 622.325pt x 278
.03876pt>
File: picture/conference/totalenergy3d-eps-converted-to.pdf Graphic file (type 
pdf)
<use picture/conference/totalenergy3d-eps-converted-to.pdf>
Package pdftex.def Info: picture/conference/totalenergy3d-eps-converted-to.pdf 
 used on input line 590.
(pdftex.def)             Requested size: 455.24411pt x 203.39085pt.
Package epstopdf Info: Source file: <picture/conference/elastic3d.eps>
(epstopdf)                    date: 2019-01-07 19:36:54
(epstopdf)                    size: 31537 bytes
(epstopdf)             Output file: <picture/conference/elastic3d-eps-converted
-to.pdf>
(epstopdf)                    date: 2019-01-07 19:36:54
(epstopdf)                    size: 34992 bytes
(epstopdf)             Command: <epstopdf --outfile=picture/conference/elastic3
d-eps-converted-to.pdf picture/conference/elastic3d.eps>
(epstopdf)             \includegraphics on input line 597.
Package epstopdf Info: Output file is already uptodate.
<picture/conference/elastic3d-eps-converted-to.pdf, id=904, 433.62pt x 289.08pt
>
File: picture/conference/elastic3d-eps-converted-to.pdf Graphic file (type pdf)

<use picture/conference/elastic3d-eps-converted-to.pdf>
Package pdftex.def Info: picture/conference/elastic3d-eps-converted-to.pdf  use
d on input line 597.
(pdftex.def)             Requested size: 223.07211pt x 148.71686pt.
Package epstopdf Info: Source file: <picture/conference/cracklength3d.eps>
(epstopdf)                    date: 2019-01-07 19:36:54
(epstopdf)                    size: 28286 bytes
(epstopdf)             Output file: <picture/conference/cracklength3d-eps-conve
rted-to.pdf>
(epstopdf)                    date: 2019-01-07 19:36:54
(epstopdf)                    size: 17151 bytes
(epstopdf)             Command: <epstopdf --outfile=picture/conference/cracklen
gth3d-eps-converted-to.pdf picture/conference/cracklength3d.eps>
(epstopdf)             \includegraphics on input line 604.
Package epstopdf Info: Output file is already uptodate.
<picture/conference/cracklength3d-eps-converted-to.pdf, id=905, 433.62pt x 289.
08pt>
File: picture/conference/cracklength3d-eps-converted-to.pdf Graphic file (type 
pdf)
<use picture/conference/cracklength3d-eps-converted-to.pdf>
Package pdftex.def Info: picture/conference/cracklength3d-eps-converted-to.pdf 
 used on input line 604.
(pdftex.def)             Requested size: 223.07211pt x 148.71686pt.

Overfull \hbox (4.28348pt too wide) in paragraph at lines 588--608
[]  [] 
 []

[13 <./picture/conference/3dcrack-mesh.png> <./picture/conference/totalenergy3d
-eps-converted-to.pdf> <./picture/conference/elastic3d-eps-converted-to.pdf> <.
/picture/conference/cracklength3d-eps-converted-to.pdf>]
<picture/conference/CrackDimension.png, id=1021, 534.99875pt x 212.795pt>
File: picture/conference/CrackDimension.png Graphic file (type png)
<use picture/conference/CrackDimension.png>
Package pdftex.def Info: picture/conference/CrackDimension.png  used on input l
ine 616.
(pdftex.def)             Requested size: 227.62206pt x 90.5357pt.
Package epstopdf Info: Source file: <picture/conference/manyelastic-avar.eps>
(epstopdf)                    date: 2018-11-15 16:02:16
(epstopdf)                    size: 70096 bytes
(epstopdf)             Output file: <picture/conference/manyelastic-avar-eps-co
nverted-to.pdf>
(epstopdf)                    date: 2018-11-15 16:02:16
(epstopdf)                    size: 23220 bytes
(epstopdf)             Command: <epstopdf --outfile=picture/conference/manyelas
tic-avar-eps-converted-to.pdf picture/conference/manyelastic-avar.eps>
(epstopdf)             \includegraphics on input line 648.
Package epstopdf Info: Output file is already uptodate.
<picture/conference/manyelastic-avar-eps-converted-to.pdf, id=1022, 400.49625pt
 x 352.31625pt>
File: picture/conference/manyelastic-avar-eps-converted-to.pdf Graphic file (ty
pe pdf)
<use picture/conference/manyelastic-avar-eps-converted-to.pdf>
Package pdftex.def Info: picture/conference/manyelastic-avar-eps-converted-to.p
df  used on input line 648.
(pdftex.def)             Requested size: 223.07211pt x 196.2367pt.
Package epstopdf Info: Source file: <picture/conference/manycracklength-avar.ep
s>
(epstopdf)                    date: 2018-11-15 16:02:16
(epstopdf)                    size: 56845 bytes
(epstopdf)             Output file: <picture/conference/manycracklength-avar-ep
s-converted-to.pdf>
(epstopdf)                    date: 2018-11-15 16:02:16
(epstopdf)                    size: 20670 bytes
(epstopdf)             Command: <epstopdf --outfile=picture/conference/manycrac
klength-avar-eps-converted-to.pdf picture/conference/manycracklength-avar.eps>
(epstopdf)             \includegraphics on input line 654.
Package epstopdf Info: Output file is already uptodate.
<picture/conference/manycracklength-avar-eps-converted-to.pdf, id=1023, 396.481
25pt x 352.31625pt>
File: picture/conference/manycracklength-avar-eps-converted-to.pdf Graphic file
 (type pdf)
<use picture/conference/manycracklength-avar-eps-converted-to.pdf>
Package pdftex.def Info: picture/conference/manycracklength-avar-eps-converted-
to.pdf  used on input line 654.
(pdftex.def)             Requested size: 223.07211pt x 198.22578pt.
 [14 <./picture/conference/CrackDimension.png> <./picture/conference/manyelasti
c-avar-eps-converted-to.pdf> <./picture/conference/manycracklength-avar-eps-con
verted-to.pdf>]
Package epstopdf Info: Source file: <picture/conference/manyelastic-gvar.eps>
(epstopdf)                    date: 2018-11-15 16:02:16
(epstopdf)                    size: 34294 bytes
(epstopdf)             Output file: <picture/conference/manyelastic-gvar-eps-co
nverted-to.pdf>
(epstopdf)                    date: 2018-11-15 16:02:16
(epstopdf)                    size: 15696 bytes
(epstopdf)             Command: <epstopdf --outfile=picture/conference/manyelas
tic-gvar-eps-converted-to.pdf picture/conference/manyelastic-gvar.eps>
(epstopdf)             \includegraphics on input line 682.
Package epstopdf Info: Output file is already uptodate.
<picture/conference/manyelastic-gvar-eps-converted-to.pdf, id=1108, 400.49625pt
 x 352.31625pt>
File: picture/conference/manyelastic-gvar-eps-converted-to.pdf Graphic file (ty
pe pdf)
<use picture/conference/manyelastic-gvar-eps-converted-to.pdf>
Package pdftex.def Info: picture/conference/manyelastic-gvar-eps-converted-to.p
df  used on input line 682.
(pdftex.def)             Requested size: 223.07211pt x 196.2367pt.
Package epstopdf Info: Source file: <picture/conference/manycracklength-gvar.ep
s>
(epstopdf)                    date: 2018-11-15 16:02:16
(epstopdf)                    size: 36153 bytes
(epstopdf)             Output file: <picture/conference/manycracklength-gvar-ep
s-converted-to.pdf>
(epstopdf)                    date: 2018-11-15 16:02:16
(epstopdf)                    size: 23362 bytes
(epstopdf)             Command: <epstopdf --outfile=picture/conference/manycrac
klength-gvar-eps-converted-to.pdf picture/conference/manycracklength-gvar.eps>
(epstopdf)             \includegraphics on input line 688.
Package epstopdf Info: Output file is already uptodate.
<picture/conference/manycracklength-gvar-eps-converted-to.pdf, id=1109, 400.496
25pt x 352.31625pt>
File: picture/conference/manycracklength-gvar-eps-converted-to.pdf Graphic file
 (type pdf)
<use picture/conference/manycracklength-gvar-eps-converted-to.pdf>
Package pdftex.def Info: picture/conference/manycracklength-gvar-eps-converted-
to.pdf  used on input line 688.
(pdftex.def)             Requested size: 223.07211pt x 196.2367pt.

[15 <./picture/conference/manyelastic-gvar-eps-converted-to.pdf> <./picture/con
ference/manycracklength-gvar-eps-converted-to.pdf>]
<picture/conference/2d-crack-model.png, id=1184, 3159.805pt x 1887.05pt>
File: picture/conference/2d-crack-model.png Graphic file (type png)
<use picture/conference/2d-crack-model.png>
Package pdftex.def Info: picture/conference/2d-crack-model.png  used on input l
ine 701.
(pdftex.def)             Requested size: 223.07211pt x 133.20117pt.
<picture/conference/3d-crack-model.png, id=1185, 3159.805pt x 1887.05pt>
File: picture/conference/3d-crack-model.png Graphic file (type png)
<use picture/conference/3d-crack-model.png>
Package pdftex.def Info: picture/conference/3d-crack-model.png  used on input l
ine 707.
(pdftex.def)             Requested size: 223.07211pt x 133.20117pt.
Package epstopdf Info: Source file: <picture/conference/elastic_compare.eps>
(epstopdf)                    date: 2019-01-14 14:07:09
(epstopdf)                    size: 44827 bytes
(epstopdf)             Output file: <picture/conference/elastic_compare-eps-con
verted-to.pdf>
(epstopdf)                    date: 2019-01-14 14:07:09
(epstopdf)                    size: 60664 bytes
(epstopdf)             Command: <epstopdf --outfile=picture/conference/elastic_
compare-eps-converted-to.pdf picture/conference/elastic_compare.eps>
(epstopdf)             \includegraphics on input line 748.
Package epstopdf Info: Output file is already uptodate.
<picture/conference/elastic_compare-eps-converted-to.pdf, id=1188, 390.45876pt 
x 320.19624pt>
File: picture/conference/elastic_compare-eps-converted-to.pdf Graphic file (typ
e pdf)
<use picture/conference/elastic_compare-eps-converted-to.pdf>
Package pdftex.def Info: picture/conference/elastic_compare-eps-converted-to.pd
f  used on input line 748.
(pdftex.def)             Requested size: 318.66948pt x 261.33627pt.


LaTeX Warning: `!h' float specifier changed to `!ht'.


Package hyperref Warning: Token not allowed in a PDF string (PDFDocEncoding):
(hyperref)                removing `math shift' on input line 752.


Package hyperref Warning: Token not allowed in a PDF string (PDFDocEncoding):
(hyperref)                removing `subscript' on input line 752.


Package hyperref Warning: Token not allowed in a PDF string (PDFDocEncoding):
(hyperref)                removing `math shift' on input line 752.

Package epstopdf Info: Source file: <picture/conference/cracklength_2d_ki.eps>
(epstopdf)                    date: 2018-12-07 15:56:57
(epstopdf)                    size: 40311 bytes
(epstopdf)             Output file: <picture/conference/cracklength_2d_ki-eps-c
onverted-to.pdf>
(epstopdf)                    date: 2018-12-07 15:56:57
(epstopdf)                    size: 22297 bytes
(epstopdf)             Command: <epstopdf --outfile=picture/conference/cracklen
gth_2d_ki-eps-converted-to.pdf picture/conference/cracklength_2d_ki.eps>
(epstopdf)             \includegraphics on input line 765.
Package epstopdf Info: Output file is already uptodate.
<picture/conference/cracklength_2d_ki-eps-converted-to.pdf, id=1189, 406.51875p
t x 308.15125pt>
File: picture/conference/cracklength_2d_ki-eps-converted-to.pdf Graphic file (t
ype pdf)
<use picture/conference/cracklength_2d_ki-eps-converted-to.pdf>
Package pdftex.def Info: picture/conference/cracklength_2d_ki-eps-converted-to.
pdf  used on input line 765.
(pdftex.def)             Requested size: 223.07211pt x 169.09343pt.
Package epstopdf Info: Source file: <picture/conference/elastic_2d_ki.eps>
(epstopdf)                    date: 2018-12-07 15:56:57
(epstopdf)                    size: 49040 bytes
(epstopdf)             Output file: <picture/conference/elastic_2d_ki-eps-conve
rted-to.pdf>
(epstopdf)                    date: 2018-12-07 15:56:57
(epstopdf)                    size: 61745 bytes
(epstopdf)             Command: <epstopdf --outfile=picture/conference/elastic_
2d_ki-eps-converted-to.pdf picture/conference/elastic_2d_ki.eps>
(epstopdf)             \includegraphics on input line 771.
Package epstopdf Info: Output file is already uptodate.
<picture/conference/elastic_2d_ki-eps-converted-to.pdf, id=1190, 434.62375pt x 
320.19624pt>
File: picture/conference/elastic_2d_ki-eps-converted-to.pdf Graphic file (type 
pdf)
<use picture/conference/elastic_2d_ki-eps-converted-to.pdf>
Package pdftex.def Info: picture/conference/elastic_2d_ki-eps-converted-to.pdf 
 used on input line 771.
(pdftex.def)             Requested size: 223.07211pt x 164.34348pt.
Package epstopdf Info: Source file: <picture/conference/cracklength_3d_ki.eps>
(epstopdf)                    date: 2018-12-07 15:56:57
(epstopdf)                    size: 40248 bytes
(epstopdf)             Output file: <picture/conference/cracklength_3d_ki-eps-c
onverted-to.pdf>
(epstopdf)                    date: 2018-12-07 15:56:57
(epstopdf)                    size: 22460 bytes
(epstopdf)             Command: <epstopdf --outfile=picture/conference/cracklen
gth_3d_ki-eps-converted-to.pdf picture/conference/cracklength_3d_ki.eps>
(epstopdf)             \includegraphics on input line 779.
Package epstopdf Info: Output file is already uptodate.
<picture/conference/cracklength_3d_ki-eps-converted-to.pdf, id=1191, 406.51875p
t x 320.19624pt>
File: picture/conference/cracklength_3d_ki-eps-converted-to.pdf Graphic file (t
ype pdf)
<use picture/conference/cracklength_3d_ki-eps-converted-to.pdf>
Package pdftex.def Info: picture/conference/cracklength_3d_ki-eps-converted-to.
pdf  used on input line 779.
(pdftex.def)             Requested size: 223.07211pt x 175.70294pt.
Package epstopdf Info: Source file: <picture/conference/elastic_3d_ki.eps>
(epstopdf)                    date: 2018-12-07 15:56:57
(epstopdf)                    size: 49838 bytes
(epstopdf)             Output file: <picture/conference/elastic_3d_ki-eps-conve
rted-to.pdf>
(epstopdf)                    date: 2018-12-07 15:56:57
(epstopdf)                    size: 61942 bytes
(epstopdf)             Command: <epstopdf --outfile=picture/conference/elastic_
3d_ki-eps-converted-to.pdf picture/conference/elastic_3d_ki.eps>
(epstopdf)             \includegraphics on input line 785.
Package epstopdf Info: Output file is already uptodate.
<picture/conference/elastic_3d_ki-eps-converted-to.pdf, id=1192, 428.60126pt x 
320.19624pt>
File: picture/conference/elastic_3d_ki-eps-converted-to.pdf Graphic file (type 
pdf)
<use picture/conference/elastic_3d_ki-eps-converted-to.pdf>
Package pdftex.def Info: picture/conference/elastic_3d_ki-eps-converted-to.pdf 
 used on input line 785.
(pdftex.def)             Requested size: 223.07211pt x 166.64957pt.
[16 <./picture/conference/2d-crack-model.png> <./picture/conference/3d-crack-mo
del.png>]

LaTeX Warning: `!h' float specifier changed to `!ht'.

[17 <./picture/conference/elastic_compare-eps-converted-to.pdf> <./picture/conf
erence/cracklength_2d_ki-eps-converted-to.pdf> <./picture/conference/elastic_2d
_ki-eps-converted-to.pdf>]
<picture/conference/multicrack-model.png, id=1353, 3673.725pt x 1975.38pt>
File: picture/conference/multicrack-model.png Graphic file (type png)
<use picture/conference/multicrack-model.png>
Package pdftex.def Info: picture/conference/multicrack-model.png  used on input
 line 798.
(pdftex.def)             Requested size: 318.66948pt x 171.32617pt.
<picture/conference/multicrack-deform.png, id=1355, 3673.725pt x 1975.38pt>
File: picture/conference/multicrack-deform.png Graphic file (type png)
<use picture/conference/multicrack-deform.png>
Package pdftex.def Info: picture/conference/multicrack-deform.png  used on inpu
t line 805.
(pdftex.def)             Requested size: 318.66948pt x 171.32617pt.
Package epstopdf Info: Source file: <picture/conference/multicrack-elastic.eps>

(epstopdf)                    date: 2019-01-07 19:36:54
(epstopdf)                    size: 33753 bytes
(epstopdf)             Output file: <picture/conference/multicrack-elastic-eps-
converted-to.pdf>
(epstopdf)                    date: 2019-01-07 19:36:54
(epstopdf)                    size: 37026 bytes
(epstopdf)             Command: <epstopdf --outfile=picture/conference/multicra
ck-elastic-eps-converted-to.pdf picture/conference/multicrack-elastic.eps>
(epstopdf)             \includegraphics on input line 813.
Package epstopdf Info: Output file is already uptodate.
<picture/conference/multicrack-elastic-eps-converted-to.pdf, id=1356, 433.62pt 
x 289.08pt>
File: picture/conference/multicrack-elastic-eps-converted-to.pdf Graphic file (
type pdf)
<use picture/conference/multicrack-elastic-eps-converted-to.pdf>
Package pdftex.def Info: picture/conference/multicrack-elastic-eps-converted-to
.pdf  used on input line 813.
(pdftex.def)             Requested size: 223.07211pt x 148.71686pt.
Package epstopdf Info: Source file: <picture/conference/multicrack-2d.eps>
(epstopdf)                    date: 2019-01-07 19:36:54
(epstopdf)                    size: 264056 bytes
(epstopdf)             Output file: <picture/conference/multicrack-2d-eps-conve
rted-to.pdf>
(epstopdf)                    date: 2019-01-07 19:36:54
(epstopdf)                    size: 94359 bytes
(epstopdf)             Command: <epstopdf --outfile=picture/conference/multicra
ck-2d-eps-converted-to.pdf picture/conference/multicrack-2d.eps>
(epstopdf)             \includegraphics on input line 819.
Package epstopdf Info: Output file is already uptodate.
<picture/conference/multicrack-2d-eps-converted-to.pdf, id=1357, 361.35pt x 252
.945pt>
File: picture/conference/multicrack-2d-eps-converted-to.pdf Graphic file (type 
pdf)
<use picture/conference/multicrack-2d-eps-converted-to.pdf>
Package pdftex.def Info: picture/conference/multicrack-2d-eps-converted-to.pdf 
 used on input line 819.
(pdftex.def)             Requested size: 223.07211pt x 156.1527pt.
Package epstopdf Info: Source file: <picture/conference/multicrack-cracklength.
eps>
(epstopdf)                    date: 2019-01-07 19:36:54
(epstopdf)                    size: 27034 bytes
(epstopdf)             Output file: <picture/conference/multicrack-cracklength-
eps-converted-to.pdf>
(epstopdf)                    date: 2019-01-07 19:36:54
(epstopdf)                    size: 15384 bytes
(epstopdf)             Command: <epstopdf --outfile=picture/conference/multicra
ck-cracklength-eps-converted-to.pdf picture/conference/multicrack-cracklength.e
ps>
(epstopdf)             \includegraphics on input line 827.
Package epstopdf Info: Output file is already uptodate.
<picture/conference/multicrack-cracklength-eps-converted-to.pdf, id=1358, 433.6
2pt x 289.08pt>
File: picture/conference/multicrack-cracklength-eps-converted-to.pdf Graphic fi
le (type pdf)
<use picture/conference/multicrack-cracklength-eps-converted-to.pdf>
Package pdftex.def Info: picture/conference/multicrack-cracklength-eps-converte
d-to.pdf  used on input line 827.
(pdftex.def)             Requested size: 223.07211pt x 148.71686pt.
Package epstopdf Info: Source file: <picture/conference/multicrack-totalenergy.
eps>
(epstopdf)                    date: 2019-01-07 19:36:54
(epstopdf)                    size: 43515 bytes
(epstopdf)             Output file: <picture/conference/multicrack-totalenergy-
eps-converted-to.pdf>
(epstopdf)                    date: 2019-01-07 19:36:54
(epstopdf)                    size: 16844 bytes
(epstopdf)             Command: <epstopdf --outfile=picture/conference/multicra
ck-totalenergy-eps-converted-to.pdf picture/conference/multicrack-totalenergy.e
ps>
(epstopdf)             \includegraphics on input line 833.
Package epstopdf Info: Output file is already uptodate.
<picture/conference/multicrack-totalenergy-eps-converted-to.pdf, id=1359, 512.9
1624pt x 278.03876pt>
File: picture/conference/multicrack-totalenergy-eps-converted-to.pdf Graphic fi
le (type pdf)
<use picture/conference/multicrack-totalenergy-eps-converted-to.pdf>
Package pdftex.def Info: picture/conference/multicrack-totalenergy-eps-converte
d-to.pdf  used on input line 833.
(pdftex.def)             Requested size: 223.07211pt x 120.92043pt.


LaTeX Warning: `!h' float specifier changed to `!ht'.


LaTeX Warning: `!h' float specifier changed to `!ht'.

Package epstopdf Info: Source file: <picture/conference/elasticdouble-same.eps>

(epstopdf)                    date: 2019-01-14 14:07:09
(epstopdf)                    size: 34306 bytes
(epstopdf)             Output file: <picture/conference/elasticdouble-same-eps-
converted-to.pdf>
(epstopdf)                    date: 2019-01-14 14:07:09
(epstopdf)                    size: 8729 bytes
(epstopdf)             Command: <epstopdf --outfile=picture/conference/elasticd
ouble-same-eps-converted-to.pdf picture/conference/elasticdouble-same.eps>
(epstopdf)             \includegraphics on input line 842.
Package epstopdf Info: Output file is already uptodate.
<picture/conference/elasticdouble-same-eps-converted-to.pdf, id=1360, 361.35pt 
x 252.945pt>
File: picture/conference/elasticdouble-same-eps-converted-to.pdf Graphic file (
type pdf)
<use picture/conference/elasticdouble-same-eps-converted-to.pdf>
Package pdftex.def Info: picture/conference/elasticdouble-same-eps-converted-to
.pdf  used on input line 842.
(pdftex.def)             Requested size: 318.66948pt x 223.07088pt.

LaTeX Warning: `!h' float specifier changed to `!ht'.


Underfull \hbox (badness 10000) in paragraph at lines 852--863

 []

[18 <./picture/conference/cracklength_3d_ki-eps-converted-to.pdf> <./picture/co
nference/elastic_3d_ki-eps-converted-to.pdf> <./picture/conference/multicrack-m
odel.png>] [19 <./picture/conference/multicrack-deform.png> <./picture/conferen
ce/multicrack-elastic-eps-converted-to.pdf> <./picture/conference/multicrack-2d
-eps-converted-to.pdf> <./picture/conference/multicrack-cracklength-eps-convert
ed-to.pdf> <./picture/conference/multicrack-totalenergy-eps-converted-to.pdf>]
Package epstopdf Info: Source file: <picture/conference/multicrack-elastic-k.ep
s>
(epstopdf)                    date: 2019-01-17 17:37:44
(epstopdf)                    size: 43809 bytes
(epstopdf)             Output file: <picture/conference/multicrack-elastic-k-ep
s-converted-to.pdf>
(epstopdf)                    date: 2019-01-17 17:47:32
(epstopdf)                    size: 24104 bytes
(epstopdf)             Command: <epstopdf --outfile=picture/conference/multicra
ck-elastic-k-eps-converted-to.pdf picture/conference/multicrack-elastic-k.eps>
(epstopdf)             \includegraphics on input line 902.
Package epstopdf Info: Output file is already uptodate.
<picture/conference/multicrack-elastic-k-eps-converted-to.pdf, id=1596, 406.518
75pt x 308.15125pt>
File: picture/conference/multicrack-elastic-k-eps-converted-to.pdf Graphic file
 (type pdf)
<use picture/conference/multicrack-elastic-k-eps-converted-to.pdf>
Package pdftex.def Info: picture/conference/multicrack-elastic-k-eps-converted-
to.pdf  used on input line 902.
(pdftex.def)             Requested size: 318.66948pt x 241.56541pt.
Package epstopdf Info: Source file: <picture/conference/elasticdouble-tip1.eps>

(epstopdf)                    date: 2019-01-14 14:07:09
(epstopdf)                    size: 34068 bytes
(epstopdf)             Output file: <picture/conference/elasticdouble-tip1-eps-
converted-to.pdf>
(epstopdf)                    date: 2019-01-14 14:07:09
(epstopdf)                    size: 8656 bytes
(epstopdf)             Command: <epstopdf --outfile=picture/conference/elasticd
ouble-tip1-eps-converted-to.pdf picture/conference/elasticdouble-tip1.eps>
(epstopdf)             \includegraphics on input line 908.
Package epstopdf Info: Output file is already uptodate.
<picture/conference/elasticdouble-tip1-eps-converted-to.pdf, id=1597, 361.35pt 
x 252.945pt>
File: picture/conference/elasticdouble-tip1-eps-converted-to.pdf Graphic file (
type pdf)
<use picture/conference/elasticdouble-tip1-eps-converted-to.pdf>
Package pdftex.def Info: picture/conference/elasticdouble-tip1-eps-converted-to
.pdf  used on input line 908.
(pdftex.def)             Requested size: 318.66948pt x 223.07088pt.
Package epstopdf Info: Source file: <picture/conference/elasticdouble-tip2.eps>

(epstopdf)                    date: 2019-01-14 14:07:09
(epstopdf)                    size: 33575 bytes
(epstopdf)             Output file: <picture/conference/elasticdouble-tip2-eps-
converted-to.pdf>
(epstopdf)                    date: 2019-01-14 14:07:09
(epstopdf)                    size: 8309 bytes
(epstopdf)             Command: <epstopdf --outfile=picture/conference/elasticd
ouble-tip2-eps-converted-to.pdf picture/conference/elasticdouble-tip2.eps>
(epstopdf)             \includegraphics on input line 914.
Package epstopdf Info: Output file is already uptodate.
<picture/conference/elasticdouble-tip2-eps-converted-to.pdf, id=1598, 361.35pt 
x 252.945pt>
File: picture/conference/elasticdouble-tip2-eps-converted-to.pdf Graphic file (
type pdf)
<use picture/conference/elasticdouble-tip2-eps-converted-to.pdf>
Package pdftex.def Info: picture/conference/elasticdouble-tip2-eps-converted-to
.pdf  used on input line 914.
(pdftex.def)             Requested size: 318.66948pt x 223.07088pt.
Package epstopdf Info: Source file: <picture/conference/elasticdouble-tip105.ep
s>
(epstopdf)                    date: 2019-01-14 14:07:09
(epstopdf)                    size: 36746 bytes
(epstopdf)             Output file: <picture/conference/elasticdouble-tip105-ep
s-converted-to.pdf>
(epstopdf)                    date: 2019-01-14 14:07:09
(epstopdf)                    size: 9088 bytes
(epstopdf)             Command: <epstopdf --outfile=picture/conference/elasticd
ouble-tip105-eps-converted-to.pdf picture/conference/elasticdouble-tip105.eps>
(epstopdf)             \includegraphics on input line 920.
Package epstopdf Info: Output file is already uptodate.
<picture/conference/elasticdouble-tip105-eps-converted-to.pdf, id=1599, 361.35p
t x 252.945pt>
File: picture/conference/elasticdouble-tip105-eps-converted-to.pdf Graphic file
 (type pdf)
<use picture/conference/elasticdouble-tip105-eps-converted-to.pdf>
Package pdftex.def Info: picture/conference/elasticdouble-tip105-eps-converted-
to.pdf  used on input line 920.
(pdftex.def)             Requested size: 318.66948pt x 223.07088pt.


LaTeX Warning: `h' float specifier changed to `ht'.


LaTeX Warning: `h' float specifier changed to `ht'.


LaTeX Warning: `h' float specifier changed to `ht'.


LaTeX Warning: `h' float specifier changed to `ht'.

[20 <./picture/conference/elasticdouble-same-eps-converted-to.pdf>]
Package atveryend Info: Empty hook `BeforeClearDocument' on input line 957.
 [21 <./picture/conference/multicrack-elastic-k-eps-converted-to.pdf> <./pictur
e/conference/elasticdouble-tip1-eps-converted-to.pdf>] [22 <./picture/conferenc
e/elasticdouble-tip2-eps-converted-to.pdf> <./picture/conference/elasticdouble-
tip105-eps-converted-to.pdf>]
Package atveryend Info: Empty hook `AfterLastShipout' on input line 957.
 (linearelasticity.aux)
Package atveryend Info: Executing hook `AtVeryEndDocument' on input line 957.
Package atveryend Info: Executing hook `AtEndAfterFileList' on input line 957.
Package rerunfilecheck Info: File `linearelasticity.out' has not changed.
(rerunfilecheck)             Checksum: B342C06BB9220B0E29B628036C547357;1577.


LaTeX Warning: There were undefined references.

 ) 
Here is how much of TeX's memory you used:
 28040 strings out of 493308
 554280 string characters out of 3138768
 614067 words of memory out of 3000000
 31047 multiletter control sequences out of 15000+200000
 540730 words of font info for 62 fonts, out of 3000000 for 9000
 1141 hyphenation exceptions out of 8191
 55i,13n,73p,10415b,670s stack positions out of 5000i,500n,10000p,200000b,50000s
<C:/Program Files/MiKTeX 2.9/fonts/type1/public/amsfonts/cm/cmbx10.pfb><C:/Pr
ogram Files/MiKTeX 2.9/fonts/type1/public/amsfonts/cm/cmbx12.pfb><C:/Program Fi
les/MiKTeX 2.9/fonts/type1/public/amsfonts/cm/cmex10.pfb><C:/Program Files/MiKT
eX 2.9/fonts/type1/public/amsfonts/cm/cmmi10.pfb><C:/Program Files/MiKTeX 2.9/f
onts/type1/public/amsfonts/cm/cmmi12.pfb><C:/Program Files/MiKTeX 2.9/fonts/typ
e1/public/amsfonts/cm/cmmi6.pfb><C:/Program Files/MiKTeX 2.9/fonts/type1/public
/amsfonts/cm/cmmi7.pfb><C:/Program Files/MiKTeX 2.9/fonts/type1/public/amsfonts
/cm/cmmi8.pfb><C:/Program Files/MiKTeX 2.9/fonts/type1/public/amsfonts/cm/cmr10
.pfb><C:/Program Files/MiKTeX 2.9/fonts/type1/public/amsfonts/cm/cmr12.pfb><C:/
Program Files/MiKTeX 2.9/fonts/type1/public/amsfonts/cm/cmr17.pfb><C:/Program F
iles/MiKTeX 2.9/fonts/type1/public/amsfonts/cm/cmr6.pfb><C:/Program Files/MiKTe
X 2.9/fonts/type1/public/amsfonts/cm/cmr8.pfb><C:/Program Files/MiKTeX 2.9/font
s/type1/public/amsfonts/cm/cmsy10.pfb><C:/Program Files/MiKTeX 2.9/fonts/type1/
public/amsfonts/cm/cmsy6.pfb><C:/Program Files/MiKTeX 2.9/fonts/type1/public/am
sfonts/cm/cmsy8.pfb><C:/Program Files/MiKTeX 2.9/fonts/type1/public/amsfonts/cm
/cmti10.pfb><C:/Program Files/MiKTeX 2.9/fonts/type1/public/amsfonts/symbols/ms
am10.pfb><C:/Program Files/MiKTeX 2.9/fonts/type1/public/amsfonts/symbols/msbm1
0.pfb>
Output written on linearelasticity.pdf (22 pages, 5208364 bytes).
PDF statistics:
 1767 PDF objects out of 2073 (max. 8388607)
 105 named destinations out of 1000 (max. 500000)
 572 words of extra memory for PDF output out of 10000 (max. 10000000)

