This is pdfTeX, Version 3.14159265-2.6-1.40.15 (MiKTeX 2.9 64-bit) (preloaded format=pdflatex 2018.2.12)  12 FEB 2018 10:39
entering extended mode
**MondaySeminar.tex
(MondaySeminar.tex
LaTeX2e <2014/05/01>
Babel <3.9l> and hyphenation patterns for 68 languages loaded.
("C:\Program Files\MiKTeX 2.9\tex\latex\base\article.cls"
Document Class: article 2014/09/29 v1.4h Standard LaTeX document class
("C:\Program Files\MiKTeX 2.9\tex\latex\base\size10.clo"
File: size10.clo 2014/09/29 v1.4h Standard LaTeX file (size option)
)
\c@part=\count79
\c@section=\count80
\c@subsection=\count81
\c@subsubsection=\count82
\c@paragraph=\count83
\c@subparagraph=\count84
\c@figure=\count85
\c@table=\count86
\abovecaptionskip=\skip41
\belowcaptionskip=\skip42
\bibindent=\dimen102
)
("C:\Program Files\MiKTeX 2.9\tex\latex\geometry\geometry.sty"
Package: geometry 2010/09/12 v5.6 Page Geometry

("C:\Program Files\MiKTeX 2.9\tex\latex\graphics\keyval.sty"
Package: keyval 2014/10/28 v1.15 key=value parser (DPC)
\KV@toks@=\toks14
)
("C:\Program Files\MiKTeX 2.9\tex\generic\oberdiek\ifpdf.sty"
Package: ifpdf 2011/01/30 v2.3 Provides the ifpdf switch (HO)
Package ifpdf Info: pdfTeX in PDF mode is detected.
)
("C:\Program Files\MiKTeX 2.9\tex\generic\oberdiek\ifvtex.sty"
Package: ifvtex 2010/03/01 v1.5 Detect VTeX and its facilities (HO)
Package ifvtex Info: VTeX not detected.
)
("C:\Program Files\MiKTeX 2.9\tex\generic\ifxetex\ifxetex.sty"
Package: ifxetex 2010/09/12 v0.6 Provides ifxetex conditional
)
\Gm@cnth=\count87
\Gm@cntv=\count88
\c@Gm@tempcnt=\count89
\Gm@bindingoffset=\dimen103
\Gm@wd@mp=\dimen104
\Gm@odd@mp=\dimen105
\Gm@even@mp=\dimen106
\Gm@layoutwidth=\dimen107
\Gm@layoutheight=\dimen108
\Gm@layouthoffset=\dimen109
\Gm@layoutvoffset=\dimen110
\Gm@dimlist=\toks15

("C:\Program Files\MiKTeX 2.9\tex\latex\geometry\geometry.cfg"))
("C:\Program Files\MiKTeX 2.9\tex\latex\amsmath\amsmath.sty"
Package: amsmath 2013/01/14 v2.14 AMS math features
\@mathmargin=\skip43

For additional information on amsmath, use the `?' option.
("C:\Program Files\MiKTeX 2.9\tex\latex\amsmath\amstext.sty"
Package: amstext 2000/06/29 v2.01

("C:\Program Files\MiKTeX 2.9\tex\latex\amsmath\amsgen.sty"
File: amsgen.sty 1999/11/30 v2.0
\@emptytoks=\toks16
\ex@=\dimen111
))
("C:\Program Files\MiKTeX 2.9\tex\latex\amsmath\amsbsy.sty"
Package: amsbsy 1999/11/29 v1.2d
\pmbraise@=\dimen112
)
("C:\Program Files\MiKTeX 2.9\tex\latex\amsmath\amsopn.sty"
Package: amsopn 1999/12/14 v2.01 operator names
)
\inf@bad=\count90
LaTeX Info: Redefining \frac on input line 210.
\uproot@=\count91
\leftroot@=\count92
LaTeX Info: Redefining \overline on input line 306.
\classnum@=\count93
\DOTSCASE@=\count94
LaTeX Info: Redefining \ldots on input line 378.
LaTeX Info: Redefining \dots on input line 381.
LaTeX Info: Redefining \cdots on input line 466.
\Mathstrutbox@=\box26
\strutbox@=\box27
\big@size=\dimen113
LaTeX Font Info:    Redeclaring font encoding OML on input line 566.
LaTeX Font Info:    Redeclaring font encoding OMS on input line 567.
\macc@depth=\count95
\c@MaxMatrixCols=\count96
\dotsspace@=\muskip10
\c@parentequation=\count97
\dspbrk@lvl=\count98
\tag@help=\toks17
\row@=\count99
\column@=\count100
\maxfields@=\count101
\andhelp@=\toks18
\eqnshift@=\dimen114
\alignsep@=\dimen115
\tagshift@=\dimen116
\tagwidth@=\dimen117
\totwidth@=\dimen118
\lineht@=\dimen119
\@envbody=\toks19
\multlinegap=\skip44
\multlinetaggap=\skip45
\mathdisplay@stack=\toks20
LaTeX Info: Redefining \[ on input line 2665.
LaTeX Info: Redefining \] on input line 2666.
)
("C:\Program Files\MiKTeX 2.9\tex\latex\amscls\amsthm.sty"
Package: amsthm 2009/07/02 v2.20.1
\thm@style=\toks21
\thm@bodyfont=\toks22
\thm@headfont=\toks23
\thm@notefont=\toks24
\thm@headpunct=\toks25
\thm@preskip=\skip46
\thm@postskip=\skip47
\thm@headsep=\skip48
\dth@everypar=\toks26
)
("C:\Program Files\MiKTeX 2.9\tex\latex\amsfonts\amsfonts.sty"
Package: amsfonts 2013/01/14 v3.01 Basic AMSFonts support
\symAMSa=\mathgroup4
\symAMSb=\mathgroup5
LaTeX Font Info:    Overwriting math alphabet `\mathfrak' in version `bold'
(Font)                  U/euf/m/n --> U/euf/b/n on input line 106.
)
("C:\Program Files\MiKTeX 2.9\tex\latex\graphics\color.sty"
Package: color 2014/10/28 v1.1a Standard LaTeX Color (DPC)

("C:\Program Files\MiKTeX 2.9\tex\latex\00miktex\color.cfg"
File: color.cfg 2007/01/18 v1.5 color configuration of teTeX/TeXLive
)
Package color Info: Driver file: pdftex.def on input line 137.

("C:\Program Files\MiKTeX 2.9\tex\latex\pdftex-def\pdftex.def"
File: pdftex.def 2011/05/27 v0.06d Graphics/color for pdfTeX

("C:\Program Files\MiKTeX 2.9\tex\generic\oberdiek\infwarerr.sty"
Package: infwarerr 2010/04/08 v1.3 Providing info/warning/error messages (HO)
)
("C:\Program Files\MiKTeX 2.9\tex\generic\oberdiek\ltxcmds.sty"
Package: ltxcmds 2011/11/09 v1.22 LaTeX kernel commands for general use (HO)
)
\Gread@gobject=\count102
))
("C:\Program Files\MiKTeX 2.9\tex\latex\graphics\graphicx.sty"
Package: graphicx 2014/10/28 v1.0g Enhanced LaTeX Graphics (DPC,SPQR)

("C:\Program Files\MiKTeX 2.9\tex\latex\graphics\graphics.sty"
Package: graphics 2014/10/28 v1.0p Standard LaTeX Graphics (DPC,SPQR)

("C:\Program Files\MiKTeX 2.9\tex\latex\graphics\trig.sty"
Package: trig 1999/03/16 v1.09 sin cos tan (DPC)
)
("C:\Program Files\MiKTeX 2.9\tex\latex\00miktex\graphics.cfg"
File: graphics.cfg 2007/01/18 v1.5 graphics configuration of teTeX/TeXLive
)
Package graphics Info: Driver file: pdftex.def on input line 91.
)
\Gin@req@height=\dimen120
\Gin@req@width=\dimen121
)
("C:\Program Files\MiKTeX 2.9\tex\latex\wrapfig\wrapfig.sty"
\wrapoverhang=\dimen122
\WF@size=\dimen123
\c@WF@wrappedlines=\count103
\WF@box=\box28
\WF@everypar=\toks27
Package: wrapfig 2003/01/31  v 3.6
)
\c@remark=\count104
\c@prop=\count105

(MondaySeminar.aux)
LaTeX Font Info:    Checking defaults for OML/cmm/m/it on input line 13.
LaTeX Font Info:    ... okay on input line 13.
LaTeX Font Info:    Checking defaults for T1/cmr/m/n on input line 13.
LaTeX Font Info:    ... okay on input line 13.
LaTeX Font Info:    Checking defaults for OT1/cmr/m/n on input line 13.
LaTeX Font Info:    ... okay on input line 13.
LaTeX Font Info:    Checking defaults for OMS/cmsy/m/n on input line 13.
LaTeX Font Info:    ... okay on input line 13.
LaTeX Font Info:    Checking defaults for OMX/cmex/m/n on input line 13.
LaTeX Font Info:    ... okay on input line 13.
LaTeX Font Info:    Checking defaults for U/cmr/m/n on input line 13.
LaTeX Font Info:    ... okay on input line 13.

*geometry* driver: auto-detecting
*geometry* detected driver: pdftex
*geometry* verbose mode - [ preamble ] result:
* driver: pdftex
* paper: a4paper
* layout: <same size as paper>
* layoutoffset:(h,v)=(0.0pt,0.0pt)
* modes: 
* h-part:(L,W,R)=(42.67912pt, 512.14963pt, 42.67912pt)
* v-part:(T,H,B)=(42.67912pt, 759.6886pt, 42.67912pt)
* \paperwidth=597.50787pt
* \paperheight=845.04684pt
* \textwidth=512.14963pt
* \textheight=759.6886pt
* \oddsidemargin=-29.59087pt
* \evensidemargin=-29.59087pt
* \topmargin=-66.59087pt
* \headheight=12.0pt
* \headsep=25.0pt
* \topskip=10.0pt
* \footskip=30.0pt
* \marginparwidth=57.0pt
* \marginparsep=11.0pt
* \columnsep=10.0pt
* \skip\footins=9.0pt plus 4.0pt minus 2.0pt
* \hoffset=0.0pt
* \voffset=0.0pt
* \mag=1000
* \@twocolumnfalse
* \@twosidefalse
* \@mparswitchfalse
* \@reversemarginfalse
* (1in=72.27pt=25.4mm, 1cm=28.453pt)

("C:\Program Files\MiKTeX 2.9\tex\context\base\supp-pdf.mkii"
[Loading MPS to PDF converter (version 2006.09.02).]
\scratchcounter=\count106
\scratchdimen=\dimen124
\scratchbox=\box29
\nofMPsegments=\count107
\nofMParguments=\count108
\everyMPshowfont=\toks28
\MPscratchCnt=\count109
\MPscratchDim=\dimen125
\MPnumerator=\count110
\makeMPintoPDFobject=\count111
\everyMPtoPDFconversion=\toks29
)
LaTeX Font Info:    Try loading font information for OMS+cmr on input line 19.
 ("C:\Program Files\MiKTeX 2.9\tex\latex\base\omscmr.fd"
File: omscmr.fd 2014/09/29 v2.5h Standard LaTeX font definitions
)
LaTeX Font Info:    Font shape `OMS/cmr/m/n' in size <10> not available
(Font)              Font shape `OMS/cmsy/m/n' tried instead on input line 19.
 [1

{C:/ProgramData/MiKTeX/2.9/pdftex/config/pdftex.map}]
LaTeX Font Info:    Try loading font information for U+msa on input line 34.

("C:\Program Files\MiKTeX 2.9\tex\latex\amsfonts\umsa.fd"
File: umsa.fd 2013/01/14 v3.01 AMS symbols A
)
LaTeX Font Info:    Try loading font information for U+msb on input line 34.

("C:\Program Files\MiKTeX 2.9\tex\latex\amsfonts\umsb.fd"
File: umsb.fd 2013/01/14 v3.01 AMS symbols B
) [2]
<"picture/triangular format".png, id=14, 215.1237pt x 215.1237pt>
File: "picture/triangular format".png Graphic file (type png)

<use "picture/triangular format".png>
Package pdftex.def Info: "picture/triangular format".png used on input line 49.

(pdftex.def)             Requested size: 156.49014pt x 156.49738pt.
 [3 <./picture/triangular format.png>]
<picture/example1.png, id=22, 426.8748pt x 426.8748pt>
File: picture/example1.png Graphic file (type png)

<use picture/example1.png>
Package pdftex.def Info: picture/example1.png used on input line 94.
(pdftex.def)             Requested size: 189.49286pt x 189.49297pt.

<picture/example2.png, id=23, 407.121pt x 407.121pt>
File: picture/example2.png Graphic file (type png)

<use picture/example2.png>
Package pdftex.def Info: picture/example2.png used on input line 109.
(pdftex.def)             Requested size: 189.49286pt x 189.49567pt.
 [4 <./picture/example1.png> <./picture/example2.png>] <picture/example2-2.png,
 id=29, 407.121pt x 407.121pt>
File: picture/example2-2.png Graphic file (type png)

<use picture/example2-2.png>
Package pdftex.def Info: picture/example2-2.png used on input line 118.
(pdftex.def)             Requested size: 256.07481pt x 256.09001pt.

<picture/strongformdomain.png, id=30, 302.0886pt x 302.0886pt>
File: picture/strongformdomain.png Graphic file (type png)

<use picture/strongformdomain.png>
Package pdftex.def Info: picture/strongformdomain.png used on input line 135.
(pdftex.def)             Requested size: 204.85672pt x 204.85977pt.
 [5 <./picture/example2-2.png> <./picture/strongformdomain.png>] <picture/stron
gproblem.png, id=38, 327.624pt x 327.624pt>
File: picture/strongproblem.png Graphic file (type png)

<use picture/strongproblem.png>
Package pdftex.def Info: picture/strongproblem.png used on input line 190.
(pdftex.def)             Requested size: 256.07481pt x 256.09558pt.


LaTeX Warning: `!h' float specifier changed to `!ht'.

[6] <picture/reasonIn1D.png, id=43, 350.7504pt x 350.2686pt>
File: picture/reasonIn1D.png Graphic file (type png)

<use picture/reasonIn1D.png>
Package pdftex.def Info: picture/reasonIn1D.png used on input line 234.
(pdftex.def)             Requested size: 256.07481pt x 255.74205pt.


LaTeX Warning: `!h' float specifier changed to `!ht'.

[7 <./picture/strongproblem.png>]
Missing character: There is no ã in font cmr10!
Missing character: There is no € in font cmr10!
Missing character: There is no € in font cmr10!
 [8 <./picture/reasonIn1D.png>]
<picture/casepict.png, id=53, 321.8424pt x 321.8424pt>
File: picture/casepict.png Graphic file (type png)

<use picture/casepict.png>
Package pdftex.def Info: picture/casepict.png used on input line 298.
(pdftex.def)             Requested size: 256.07481pt x 256.0943pt.
 [9 <./picture/casepict.png>]
<picture/eachtriangle.png, id=58, 321.8424pt x 321.8424pt>
File: picture/eachtriangle.png Graphic file (type png)

<use picture/eachtriangle.png>
Package pdftex.def Info: picture/eachtriangle.png used on input line 316.
(pdftex.def)             Requested size: 204.85672pt x 204.86365pt.

<picture/problem.png, id=59, 230.7822pt x 230.7822pt>
File: picture/problem.png Graphic file (type png)

<use picture/problem.png>
Package pdftex.def Info: picture/problem.png used on input line 332.
(pdftex.def)             Requested size: 256.07481pt x 256.07266pt.

<picture/labelPict.png, id=60, 328.1058pt x 328.1058pt>
File: picture/labelPict.png Graphic file (type png)

<use picture/labelPict.png>
Package pdftex.def Info: picture/labelPict.png used on input line 340.
(pdftex.def)             Requested size: 271.43867pt x 271.4466pt.


LaTeX Warning: `!h' float specifier changed to `!ht'.

<picture/trianglePict.png, id=61, 407.6028pt x 398.6895pt>
File: picture/trianglePict.png Graphic file (type png)

<use picture/trianglePict.png>
Package pdftex.def Info: picture/trianglePict.png used on input line 346.
(pdftex.def)             Requested size: 358.50317pt x 350.66533pt.


LaTeX Warning: `!h' float specifier changed to `!ht'.

[10 <./picture/eachtriangle.png> <./picture/problem.png>]
Overfull \vbox (4.6034pt too high) has occurred while \output is active []


[11 <./picture/labelPict.png> <./picture/trianglePict.png>]
<picture/implement.png, id=71, 284.7438pt x 284.7438pt>
File: picture/implement.png Graphic file (type png)

<use picture/implement.png>
Package pdftex.def Info: picture/implement.png used on input line 433.
(pdftex.def)             Requested size: 281.68385pt x 281.70605pt.
 [12] [13 <./picture/implement.png>]
LaTeX Font Info:    Try loading font information for OML+cmr on input line 511.


("C:\Program Files\MiKTeX 2.9\tex\latex\base\omlcmr.fd"
File: omlcmr.fd 2014/09/29 v2.5h Standard LaTeX font definitions
)
LaTeX Font Info:    Font shape `OML/cmr/m/n' in size <10> not available
(Font)              Font shape `OML/cmm/m/it' tried instead on input line 511.

Underfull \hbox (badness 10000) in paragraph at lines 519--534

 []

[14] <picture/triangle.png, id=86, 264.99pt x 264.99pt>
File: picture/triangle.png Graphic file (type png)

<use picture/triangle.png>
Package pdftex.def Info: picture/triangle.png used on input line 561.
(pdftex.def)             Requested size: 307.2929pt x 307.31583pt.
 [15]
<picture/grafik1.png, id=90, 408.5664pt x 408.8073pt>
File: picture/grafik1.png Graphic file (type png)

<use picture/grafik1.png>
Package pdftex.def Info: picture/grafik1.png used on input line 587.
(pdftex.def)             Requested size: 358.50317pt x 358.71603pt.


LaTeX Warning: `!h' float specifier changed to `!ht'.

[16 <./picture/triangle.png>]
Overfull \vbox (8.13313pt too high) has occurred while \output is active []


[17 <./picture/grafik1.png>]
<picture/grafik2.png, id=99, 663.4386pt x 405.1938pt>
File: picture/grafik2.png Graphic file (type png)

<use picture/grafik2.png>
Package pdftex.def Info: picture/grafik2.png used on input line 663.
(pdftex.def)             Requested size: 358.50317pt x 218.96214pt.
 [18 <./picture/grafik2.png>] (MondaySeminar.aux) ) 
Here is how much of TeX's memory you used:
 2615 strings out of 493698
 34973 string characters out of 3144371
 108478 words of memory out of 3000000
 5904 multiletter control sequences out of 15000+200000
 7822 words of font info for 30 fonts, out of 3000000 for 9000
 1025 hyphenation exceptions out of 8191
 27i,13n,31p,638b,240s stack positions out of 5000i,500n,10000p,200000b,50000s
<C:/Program Files/MiKTeX 2.9
/fonts/type1/public/amsfonts/cm/cmbx10.pfb><C:/Program Files/MiKTeX 2.9/fonts/t
ype1/public/amsfonts/cm/cmbx12.pfb><C:/Program Files/MiKTeX 2.9/fonts/type1/pub
lic/amsfonts/cm/cmex10.pfb><C:/Program Files/MiKTeX 2.9/fonts/type1/public/amsf
onts/cm/cmmi10.pfb><C:/Program Files/MiKTeX 2.9/fonts/type1/public/amsfonts/cm/
cmmi5.pfb><C:/Program Files/MiKTeX 2.9/fonts/type1/public/amsfonts/cm/cmmi7.pfb
><C:/Program Files/MiKTeX 2.9/fonts/type1/public/amsfonts/cm/cmr10.pfb><C:/Prog
ram Files/MiKTeX 2.9/fonts/type1/public/amsfonts/cm/cmr5.pfb><C:/Program Files/
MiKTeX 2.9/fonts/type1/public/amsfonts/cm/cmr7.pfb><C:/Program Files/MiKTeX 2.9
/fonts/type1/public/amsfonts/cm/cmsy10.pfb><C:/Program Files/MiKTeX 2.9/fonts/t
ype1/public/amsfonts/cm/cmsy7.pfb><C:/Program Files/MiKTeX 2.9/fonts/type1/publ
ic/amsfonts/cm/cmti10.pfb><C:/Program Files/MiKTeX 2.9/fonts/type1/public/amsfo
nts/symbols/msbm10.pfb><C:/Program Files/MiKTeX 2.9/fonts/type1/public/amsfonts
/symbols/msbm7.pfb>
Output written on MondaySeminar.pdf (18 pages, 997515 bytes).
PDF statistics:
 148 PDF objects out of 1000 (max. 8388607)
 0 named destinations out of 1000 (max. 500000)
 81 words of extra memory for PDF output out of 10000 (max. 10000000)

