This is pdfTeX, Version 3.14159265-2.6-1.40.18 (MiKTeX 2.9.6500 64-bit) (preloaded format=pdflatex 2018.4.18)  22 JUN 2018 00:23
entering extended mode
**./topicofcsreport.tex
(topicofcsreport.tex
LaTeX2e <2017-04-15>
Babel <3.15> and hyphenation patterns for 76 language(s) loaded.
("C:\Program Files\MiKTeX 2.9\tex\latex\base\article.cls"
Document Class: article 2014/09/29 v1.4h Standard LaTeX document class
("C:\Program Files\MiKTeX 2.9\tex\latex\base\size10.clo"
File: size10.clo 2014/09/29 v1.4h Standard LaTeX file (size option)
)
\c@part=\count79
\c@section=\count80
\c@subsection=\count81
\c@subsubsection=\count82
\c@paragraph=\count83
\c@subparagraph=\count84
\c@figure=\count85
\c@table=\count86
\abovecaptionskip=\skip41
\belowcaptionskip=\skip42
\bibindent=\dimen102
)
("C:\Program Files\MiKTeX 2.9\tex\latex\geometry\geometry.sty"
Package: geometry 2010/09/12 v5.6 Page Geometry

("C:\Program Files\MiKTeX 2.9\tex\latex\graphics\keyval.sty"
Package: keyval 2014/10/28 v1.15 key=value parser (DPC)
\KV@toks@=\toks14
)
("C:\Program Files\MiKTeX 2.9\tex\generic\oberdiek\ifpdf.sty"
Package: ifpdf 2017/03/15 v3.2 Provides the ifpdf switch
)
("C:\Program Files\MiKTeX 2.9\tex\generic\oberdiek\ifvtex.sty"
Package: ifvtex 2016/05/16 v1.6 Detect VTeX and its facilities (HO)
Package ifvtex Info: VTeX not detected.
)
("C:\Program Files\MiKTeX 2.9\tex\generic\ifxetex\ifxetex.sty"
Package: ifxetex 2010/09/12 v0.6 Provides ifxetex conditional
)
\Gm@cnth=\count87
\Gm@cntv=\count88
\c@Gm@tempcnt=\count89
\Gm@bindingoffset=\dimen103
\Gm@wd@mp=\dimen104
\Gm@odd@mp=\dimen105
\Gm@even@mp=\dimen106
\Gm@layoutwidth=\dimen107
\Gm@layoutheight=\dimen108
\Gm@layouthoffset=\dimen109
\Gm@layoutvoffset=\dimen110
\Gm@dimlist=\toks15

("C:\Program Files\MiKTeX 2.9\tex\latex\geometry\geometry.cfg"))
("C:\Program Files\MiKTeX 2.9\tex\latex\amsmath\amsmath.sty"
Package: amsmath 2017/09/02 v2.17a AMS math features
\@mathmargin=\skip43

For additional information on amsmath, use the `?' option.
("C:\Program Files\MiKTeX 2.9\tex\latex\amsmath\amstext.sty"
Package: amstext 2000/06/29 v2.01 AMS text

("C:\Program Files\MiKTeX 2.9\tex\latex\amsmath\amsgen.sty"
File: amsgen.sty 1999/11/30 v2.0 generic functions
\@emptytoks=\toks16
\ex@=\dimen111
))
("C:\Program Files\MiKTeX 2.9\tex\latex\amsmath\amsbsy.sty"
Package: amsbsy 1999/11/29 v1.2d Bold Symbols
\pmbraise@=\dimen112
)
("C:\Program Files\MiKTeX 2.9\tex\latex\amsmath\amsopn.sty"
Package: amsopn 2016/03/08 v2.02 operator names
)
\inf@bad=\count90
LaTeX Info: Redefining \frac on input line 213.
\uproot@=\count91
\leftroot@=\count92
LaTeX Info: Redefining \overline on input line 375.
\classnum@=\count93
\DOTSCASE@=\count94
LaTeX Info: Redefining \ldots on input line 472.
LaTeX Info: Redefining \dots on input line 475.
LaTeX Info: Redefining \cdots on input line 596.
\Mathstrutbox@=\box26
\strutbox@=\box27
\big@size=\dimen113
LaTeX Font Info:    Redeclaring font encoding OML on input line 712.
LaTeX Font Info:    Redeclaring font encoding OMS on input line 713.
\macc@depth=\count95
\c@MaxMatrixCols=\count96
\dotsspace@=\muskip10
\c@parentequation=\count97
\dspbrk@lvl=\count98
\tag@help=\toks17
\row@=\count99
\column@=\count100
\maxfields@=\count101
\andhelp@=\toks18
\eqnshift@=\dimen114
\alignsep@=\dimen115
\tagshift@=\dimen116
\tagwidth@=\dimen117
\totwidth@=\dimen118
\lineht@=\dimen119
\@envbody=\toks19
\multlinegap=\skip44
\multlinetaggap=\skip45
\mathdisplay@stack=\toks20
LaTeX Info: Redefining \[ on input line 2817.
LaTeX Info: Redefining \] on input line 2818.
)
("C:\Program Files\MiKTeX 2.9\tex\latex\amscls\amsthm.sty"
Package: amsthm 2015/03/04 v2.20.2
\thm@style=\toks21
\thm@bodyfont=\toks22
\thm@headfont=\toks23
\thm@notefont=\toks24
\thm@headpunct=\toks25
\thm@preskip=\skip46
\thm@postskip=\skip47
\thm@headsep=\skip48
\dth@everypar=\toks26
)
("C:\Program Files\MiKTeX 2.9\tex\latex\amsfonts\amsfonts.sty"
Package: amsfonts 2013/01/14 v3.01 Basic AMSFonts support
\symAMSa=\mathgroup4
\symAMSb=\mathgroup5
LaTeX Font Info:    Overwriting math alphabet `\mathfrak' in version `bold'
(Font)                  U/euf/m/n --> U/euf/b/n on input line 106.
)
("C:\Program Files\MiKTeX 2.9\tex\latex\graphics\color.sty"
Package: color 2016/07/10 v1.1e Standard LaTeX Color (DPC)

("C:\Program Files\MiKTeX 2.9\tex\latex\graphics-cfg\color.cfg"
File: color.cfg 2016/01/02 v1.6 sample color configuration
)
Package color Info: Driver file: pdftex.def on input line 147.

("C:\Program Files\MiKTeX 2.9\tex\latex\graphics-def\pdftex.def"
File: pdftex.def 2017/12/07 v1.0i Graphics/color driver for pdftex
))
("C:\Program Files\MiKTeX 2.9\tex\latex\graphics\graphicx.sty"
Package: graphicx 2017/06/01 v1.1a Enhanced LaTeX Graphics (DPC,SPQR)

("C:\Program Files\MiKTeX 2.9\tex\latex\graphics\graphics.sty"
Package: graphics 2017/06/25 v1.2c Standard LaTeX Graphics (DPC,SPQR)

("C:\Program Files\MiKTeX 2.9\tex\latex\graphics\trig.sty"
Package: trig 2016/01/03 v1.10 sin cos tan (DPC)
)
("C:\Program Files\MiKTeX 2.9\tex\latex\graphics-cfg\graphics.cfg"
File: graphics.cfg 2016/06/04 v1.11 sample graphics configuration
)
Package graphics Info: Driver file: pdftex.def on input line 99.
)
\Gin@req@height=\dimen120
\Gin@req@width=\dimen121
)
("C:\Program Files\MiKTeX 2.9\tex\latex\caption\subcaption.sty"
Package: subcaption 2016/05/22 v1.1-161 Sub-captions (AR)

("C:\Program Files\MiKTeX 2.9\tex\latex\caption\caption.sty"
Package: caption 2016/02/21 v3.3-144 Customizing captions (AR)

("C:\Program Files\MiKTeX 2.9\tex\latex\caption\caption3.sty"
Package: caption3 2016/05/22 v1.7-166 caption3 kernel (AR)
Package caption3 Info: TeX engine: e-TeX on input line 67.
\captionmargin=\dimen122
\captionmargin@=\dimen123
\captionwidth=\dimen124
\caption@tempdima=\dimen125
\caption@indent=\dimen126
\caption@parindent=\dimen127
\caption@hangindent=\dimen128
)
\c@ContinuedFloat=\count102
)
\c@subfigure=\count103
\c@subtable=\count104
)
("C:\Program Files\MiKTeX 2.9\tex\latex\wrapfig\wrapfig.sty"
\wrapoverhang=\dimen129
\WF@size=\dimen130
\c@WF@wrappedlines=\count105
\WF@box=\box28
\WF@everypar=\toks27
Package: wrapfig 2003/01/31  v 3.6
)
\c@remark=\count106
\c@prop=\count107
\c@prob=\count108
\c@defn=\count109

("C:\Program Files\MiKTeX 2.9\tex\latex\amsfonts\amssymb.sty"
Package: amssymb 2013/01/14 v3.01 AMS font symbols
)
("C:\Program Files\MiKTeX 2.9\tex\latex\tools\verbatim.sty"
Package: verbatim 2014/10/28 v1.5q LaTeX2e package for verbatim enhancements
\every@verbatim=\toks28
\verbatim@line=\toks29
\verbatim@in@stream=\read1
)
("C:\Program Files\MiKTeX 2.9\tex\latex\listings\listings.sty"
\lst@mode=\count110
\lst@gtempboxa=\box29
\lst@token=\toks30
\lst@length=\count111
\lst@currlwidth=\dimen131
\lst@column=\count112
\lst@pos=\count113
\lst@lostspace=\dimen132
\lst@width=\dimen133
\lst@newlines=\count114
\lst@lineno=\count115
\lst@maxwidth=\dimen134

("C:\Program Files\MiKTeX 2.9\tex\latex\listings\lstmisc.sty"
File: lstmisc.sty 2015/06/04 1.6 (Carsten Heinz)
\c@lstnumber=\count116
\lst@skipnumbers=\count117
\lst@framebox=\box30
)
("C:\Program Files\MiKTeX 2.9\tex\latex\listings\listings.cfg"
File: listings.cfg 2015/06/04 1.6 listings configuration
))
Package: listings 2015/06/04 1.6 (Carsten Heinz)

("C:\Program Files\MiKTeX 2.9\tex\latex\tools\multicol.sty"
Package: multicol 2017/04/11 v1.8q multicolumn formatting (FMi)
\c@tracingmulticols=\count118
\mult@box=\box31
\multicol@leftmargin=\dimen135
\c@unbalance=\count119
\c@collectmore=\count120
\doublecol@number=\count121
\multicoltolerance=\count122
\multicolpretolerance=\count123
\full@width=\dimen136
\page@free=\dimen137
\premulticols=\dimen138
\postmulticols=\dimen139
\multicolsep=\skip49
\multicolbaselineskip=\skip50
\partial@page=\box32
\last@line=\box33
\maxbalancingoverflow=\dimen140
\mult@rightbox=\box34
\mult@grightbox=\box35
\mult@gfirstbox=\box36
\mult@firstbox=\box37
\@tempa=\box38
\@tempa=\box39
\@tempa=\box40
\@tempa=\box41
\@tempa=\box42
\@tempa=\box43
\@tempa=\box44
\@tempa=\box45
\@tempa=\box46
\@tempa=\box47
\@tempa=\box48
\@tempa=\box49
\@tempa=\box50
\@tempa=\box51
\@tempa=\box52
\@tempa=\box53
\@tempa=\box54
\c@columnbadness=\count124
\c@finalcolumnbadness=\count125
\last@try=\dimen141
\multicolovershoot=\dimen142
\multicolundershoot=\dimen143
\mult@nat@firstbox=\box55
\colbreak@box=\box56
\mc@col@check@num=\count126
)

LaTeX Warning: Unused global option(s):
    [9pt].

(topicofcsreport.aux)
\openout1 = `topicofcsreport.aux'.

LaTeX Font Info:    Checking defaults for OML/cmm/m/it on input line 35.
LaTeX Font Info:    ... okay on input line 35.
LaTeX Font Info:    Checking defaults for T1/cmr/m/n on input line 35.
LaTeX Font Info:    ... okay on input line 35.
LaTeX Font Info:    Checking defaults for OT1/cmr/m/n on input line 35.
LaTeX Font Info:    ... okay on input line 35.
LaTeX Font Info:    Checking defaults for OMS/cmsy/m/n on input line 35.
LaTeX Font Info:    ... okay on input line 35.
LaTeX Font Info:    Checking defaults for OMX/cmex/m/n on input line 35.
LaTeX Font Info:    ... okay on input line 35.
LaTeX Font Info:    Checking defaults for U/cmr/m/n on input line 35.
LaTeX Font Info:    ... okay on input line 35.

*geometry* driver: auto-detecting
*geometry* detected driver: pdftex
*geometry* verbose mode - [ preamble ] result:
* driver: pdftex
* paper: a4paper
* layout: <same size as paper>
* layoutoffset:(h,v)=(0.0pt,0.0pt)
* modes: 
* h-part:(L,W,R)=(56.9055pt, 483.69687pt, 56.9055pt)
* v-part:(T,H,B)=(56.9055pt, 731.23584pt, 56.9055pt)
* \paperwidth=597.50787pt
* \paperheight=845.04684pt
* \textwidth=483.69687pt
* \textheight=731.23584pt
* \oddsidemargin=-15.36449pt
* \evensidemargin=-15.36449pt
* \topmargin=-52.36449pt
* \headheight=12.0pt
* \headsep=25.0pt
* \topskip=10.0pt
* \footskip=30.0pt
* \marginparwidth=57.0pt
* \marginparsep=11.0pt
* \columnsep=10.0pt
* \skip\footins=9.0pt plus 4.0pt minus 2.0pt
* \hoffset=0.0pt
* \voffset=0.0pt
* \mag=1000
* \@twocolumnfalse
* \@twosidefalse
* \@mparswitchfalse
* \@reversemarginfalse
* (1in=72.27pt=25.4mm, 1cm=28.453pt)

("C:\Program Files\MiKTeX 2.9\tex\context\base\supp-pdf.mkii"
[Loading MPS to PDF converter (version 2006.09.02).]
\scratchcounter=\count127
\scratchdimen=\dimen144
\scratchbox=\box57
\nofMPsegments=\count128
\nofMParguments=\count129
\everyMPshowfont=\toks31
\MPscratchCnt=\count130
\MPscratchDim=\dimen145
\MPnumerator=\count131
\makeMPintoPDFobject=\count132
\everyMPtoPDFconversion=\toks32
) ("C:\Program Files\MiKTeX 2.9\tex\latex\oberdiek\epstopdf-base.sty"
Package: epstopdf-base 2016/05/15 v2.6 Base part for package epstopdf

("C:\Program Files\MiKTeX 2.9\tex\generic\oberdiek\infwarerr.sty"
Package: infwarerr 2016/05/16 v1.4 Providing info/warning/error messages (HO)
)
("C:\Program Files\MiKTeX 2.9\tex\latex\oberdiek\grfext.sty"
Package: grfext 2016/05/16 v1.2 Manage graphics extensions (HO)

("C:\Program Files\MiKTeX 2.9\tex\generic\oberdiek\kvdefinekeys.sty"
Package: kvdefinekeys 2016/05/16 v1.4 Define keys (HO)

("C:\Program Files\MiKTeX 2.9\tex\generic\oberdiek\ltxcmds.sty"
Package: ltxcmds 2016/05/16 v1.23 LaTeX kernel commands for general use (HO)
)))
("C:\Program Files\MiKTeX 2.9\tex\latex\oberdiek\kvoptions.sty"
Package: kvoptions 2016/05/16 v3.12 Key value format for package options (HO)

("C:\Program Files\MiKTeX 2.9\tex\generic\oberdiek\kvsetkeys.sty"
Package: kvsetkeys 2016/05/16 v1.17 Key value parser (HO)

("C:\Program Files\MiKTeX 2.9\tex\generic\oberdiek\etexcmds.sty"
Package: etexcmds 2016/05/16 v1.6 Avoid name clashes with e-TeX commands (HO)

("C:\Program Files\MiKTeX 2.9\tex\generic\oberdiek\ifluatex.sty"
Package: ifluatex 2016/05/16 v1.4 Provides the ifluatex switch (HO)
Package ifluatex Info: LuaTeX not detected.
)
Package etexcmds Info: Could not find \expanded.
(etexcmds)             That can mean that you are not using pdfTeX 1.50 or
(etexcmds)             that some package has redefined \expanded.
(etexcmds)             In the latter case, load this package earlier.
)))
("C:\Program Files\MiKTeX 2.9\tex\generic\oberdiek\pdftexcmds.sty"
Package: pdftexcmds 2017/03/19 v0.25 Utility functions of pdfTeX for LuaTeX (HO
)
Package pdftexcmds Info: LuaTeX not detected.
Package pdftexcmds Info: \pdf@primitive is available.
Package pdftexcmds Info: \pdf@ifprimitive is available.
Package pdftexcmds Info: \pdfdraftmode found.
)
Package epstopdf-base Info: Redefining graphics rule for `.eps' on input line 4
38.
Package grfext Info: Graphics extension search list:
(grfext)             [.pdf,.png,.jpg,.mps,.jpeg,.jbig2,.jb2,.PDF,.PNG,.JPG,.JPE
G,.JBIG2,.JB2,.eps]
(grfext)             \AppendGraphicsExtensions on input line 456.
)
Package caption Info: Begin \AtBeginDocument code.
Package caption Info: listings package is loaded.
Package caption Info: wrapfig package is loaded.
Package caption Info: End \AtBeginDocument code.
\c@lstlisting=\count133
LaTeX Font Info:    Try loading font information for U+msa on input line 36.

("C:\Program Files\MiKTeX 2.9\tex\latex\amsfonts\umsa.fd"
File: umsa.fd 2013/01/14 v3.01 AMS symbols A
)
LaTeX Font Info:    Try loading font information for U+msb on input line 36.

("C:\Program Files\MiKTeX 2.9\tex\latex\amsfonts\umsb.fd"
File: umsb.fd 2013/01/14 v3.01 AMS symbols B
)
<picture/knotpict/knot-0.png, id=1, 597.9138pt x 597.9138pt>
File: picture/knotpict/knot-0.png Graphic file (type png)
<use picture/knotpict/knot-0.png>
Package pdftex.def Info: picture/knotpict/knot-0.png  used on input line 41.
(pdftex.def)             Requested size: 193.47578pt x 193.4712pt.

Underfull \hbox (badness 10000) in paragraph at lines 57--58

 []

[1

{C:/Users/alifianmahardhika/AppData/Local/MiKTeX/2.9/pdftex/config/pdftex.map} 
<./picture/knotpict/knot-0.png>]
<picture/knotpict/knot-1.png, id=15, 597.9138pt x 597.9138pt>
File: picture/knotpict/knot-1.png Graphic file (type png)
<use picture/knotpict/knot-1.png>
Package pdftex.def Info: picture/knotpict/knot-1.png  used on input line 64.
(pdftex.def)             Requested size: 60.4621pt x 60.46089pt.
<picture/knotpict/knot-2.png, id=16, 597.9138pt x 597.9138pt>
File: picture/knotpict/knot-2.png Graphic file (type png)
<use picture/knotpict/knot-2.png>
Package pdftex.def Info: picture/knotpict/knot-2.png  used on input line 70.
(pdftex.def)             Requested size: 60.4621pt x 60.46089pt.
<picture/knotpict/knot-3.png, id=17, 597.9138pt x 597.9138pt>
File: picture/knotpict/knot-3.png Graphic file (type png)
<use picture/knotpict/knot-3.png>
Package pdftex.def Info: picture/knotpict/knot-3.png  used on input line 76.
(pdftex.def)             Requested size: 60.4621pt x 60.46089pt.
<picture/knotpict/knot-4.png, id=18, 597.9138pt x 597.9138pt>
File: picture/knotpict/knot-4.png Graphic file (type png)
<use picture/knotpict/knot-4.png>
Package pdftex.def Info: picture/knotpict/knot-4.png  used on input line 82.
(pdftex.def)             Requested size: 60.4621pt x 60.46089pt.
<picture/knotpict/knot-5.png, id=19, 597.9138pt x 597.9138pt>
File: picture/knotpict/knot-5.png Graphic file (type png)
<use picture/knotpict/knot-5.png>
Package pdftex.def Info: picture/knotpict/knot-5.png  used on input line 88.
(pdftex.def)             Requested size: 60.4621pt x 60.46089pt.
<picture/knotpict/knot-6.png, id=20, 597.9138pt x 597.9138pt>
File: picture/knotpict/knot-6.png Graphic file (type png)
<use picture/knotpict/knot-6.png>
Package pdftex.def Info: picture/knotpict/knot-6.png  used on input line 94.
(pdftex.def)             Requested size: 60.4621pt x 60.46089pt.
<picture/knotpict/knot-7.png, id=21, 597.9138pt x 597.9138pt>
File: picture/knotpict/knot-7.png Graphic file (type png)
<use picture/knotpict/knot-7.png>
Package pdftex.def Info: picture/knotpict/knot-7.png  used on input line 100.
(pdftex.def)             Requested size: 60.4621pt x 60.46089pt.
<picture/knotpict/knot-8.png, id=22, 597.9138pt x 597.9138pt>
File: picture/knotpict/knot-8.png Graphic file (type png)
<use picture/knotpict/knot-8.png>
Package pdftex.def Info: picture/knotpict/knot-8.png  used on input line 106.
(pdftex.def)             Requested size: 60.4621pt x 60.46089pt.
<picture/knotpict/knot-9.png, id=23, 597.9138pt x 597.9138pt>
File: picture/knotpict/knot-9.png Graphic file (type png)
<use picture/knotpict/knot-9.png>
Package pdftex.def Info: picture/knotpict/knot-9.png  used on input line 112.
(pdftex.def)             Requested size: 60.4621pt x 60.46089pt.
<picture/knotpict/knot-10.png, id=24, 597.9138pt x 597.9138pt>
File: picture/knotpict/knot-10.png Graphic file (type png)
<use picture/knotpict/knot-10.png>
Package pdftex.def Info: picture/knotpict/knot-10.png  used on input line 118.
(pdftex.def)             Requested size: 60.4621pt x 60.46089pt.
<picture/knotpict/knot-11.png, id=25, 597.9138pt x 597.9138pt>
File: picture/knotpict/knot-11.png Graphic file (type png)
<use picture/knotpict/knot-11.png>
Package pdftex.def Info: picture/knotpict/knot-11.png  used on input line 124.
(pdftex.def)             Requested size: 60.4621pt x 60.46089pt.
<picture/knotpict/knot-12.png, id=26, 597.9138pt x 597.9138pt>
File: picture/knotpict/knot-12.png Graphic file (type png)
<use picture/knotpict/knot-12.png>
Package pdftex.def Info: picture/knotpict/knot-12.png  used on input line 130.
(pdftex.def)             Requested size: 60.4621pt x 60.46089pt.
<picture/knotpict/knot-13.png, id=27, 597.9138pt x 597.9138pt>
File: picture/knotpict/knot-13.png Graphic file (type png)
<use picture/knotpict/knot-13.png>
Package pdftex.def Info: picture/knotpict/knot-13.png  used on input line 136.
(pdftex.def)             Requested size: 60.4621pt x 60.46089pt.
<picture/knotpict/knot-14.png, id=28, 597.9138pt x 597.9138pt>
File: picture/knotpict/knot-14.png Graphic file (type png)
<use picture/knotpict/knot-14.png>
Package pdftex.def Info: picture/knotpict/knot-14.png  used on input line 142.
(pdftex.def)             Requested size: 60.4621pt x 60.46089pt.
<picture/knotpict/knot-15.png, id=29, 597.9138pt x 597.9138pt>
File: picture/knotpict/knot-15.png Graphic file (type png)
<use picture/knotpict/knot-15.png>
Package pdftex.def Info: picture/knotpict/knot-15.png  used on input line 148.
(pdftex.def)             Requested size: 60.4621pt x 60.46089pt.
<picture/knotpict/knot-16.png, id=30, 597.9138pt x 597.9138pt>
File: picture/knotpict/knot-16.png Graphic file (type png)
<use picture/knotpict/knot-16.png>
Package pdftex.def Info: picture/knotpict/knot-16.png  used on input line 154.
(pdftex.def)             Requested size: 60.4621pt x 60.46089pt.
<picture/knotpict/knot-17.png, id=31, 597.9138pt x 597.9138pt>
File: picture/knotpict/knot-17.png Graphic file (type png)
<use picture/knotpict/knot-17.png>
Package pdftex.def Info: picture/knotpict/knot-17.png  used on input line 160.
(pdftex.def)             Requested size: 60.4621pt x 60.46089pt.
<picture/knotpict/knot-18.png, id=32, 597.9138pt x 597.9138pt>
File: picture/knotpict/knot-18.png Graphic file (type png)
<use picture/knotpict/knot-18.png>
Package pdftex.def Info: picture/knotpict/knot-18.png  used on input line 166.
(pdftex.def)             Requested size: 60.4621pt x 60.46089pt.
<picture/knotpict/knot-19.png, id=33, 597.9138pt x 597.9138pt>
File: picture/knotpict/knot-19.png Graphic file (type png)
<use picture/knotpict/knot-19.png>
Package pdftex.def Info: picture/knotpict/knot-19.png  used on input line 172.
(pdftex.def)             Requested size: 60.4621pt x 60.46089pt.
<picture/knotpict/knot-20.png, id=34, 597.9138pt x 597.9138pt>
File: picture/knotpict/knot-20.png Graphic file (type png)
<use picture/knotpict/knot-20.png>
Package pdftex.def Info: picture/knotpict/knot-20.png  used on input line 178.
(pdftex.def)             Requested size: 60.4621pt x 60.46089pt.
<picture/knotpict/knot-21.png, id=35, 597.9138pt x 597.9138pt>
File: picture/knotpict/knot-21.png Graphic file (type png)
<use picture/knotpict/knot-21.png>
Package pdftex.def Info: picture/knotpict/knot-21.png  used on input line 184.
(pdftex.def)             Requested size: 60.4621pt x 60.46089pt.
<picture/knotpict/knot-22.png, id=36, 597.9138pt x 597.9138pt>
File: picture/knotpict/knot-22.png Graphic file (type png)
<use picture/knotpict/knot-22.png>
Package pdftex.def Info: picture/knotpict/knot-22.png  used on input line 190.
(pdftex.def)             Requested size: 60.4621pt x 60.46089pt.
<picture/knotpict/knot-23.png, id=37, 597.9138pt x 597.9138pt>
File: picture/knotpict/knot-23.png Graphic file (type png)
<use picture/knotpict/knot-23.png>
Package pdftex.def Info: picture/knotpict/knot-23.png  used on input line 196.
(pdftex.def)             Requested size: 60.4621pt x 60.46089pt.
<picture/knotpict/knot-24.png, id=38, 597.9138pt x 597.9138pt>
File: picture/knotpict/knot-24.png Graphic file (type png)
<use picture/knotpict/knot-24.png>
Package pdftex.def Info: picture/knotpict/knot-24.png  used on input line 202.
(pdftex.def)             Requested size: 60.4621pt x 60.46089pt.

Underfull \hbox (badness 10000) in paragraph at lines 62--205
[][]  []  []
 []


Underfull \hbox (badness 10000) in paragraph at lines 62--205
[]  []  []
 []


Underfull \hbox (badness 10000) in paragraph at lines 62--205
[]  []  []
 []


Underfull \hbox (badness 10000) in paragraph at lines 62--205
[]  []  []
 []


Underfull \hbox (badness 10000) in paragraph at lines 62--205
[]  []  []
 []


Underfull \hbox (badness 10000) in paragraph at lines 62--205
[]  []  []
 []


Underfull \hbox (badness 10000) in paragraph at lines 62--205
[]  []  []
 []

[2 <./picture/knotpict/knot-1.png> <./picture/knotpict/knot-2.png> <./picture/k
notpict/knot-3.png> <./picture/knotpict/knot-4.png> <./picture/knotpict/knot-5.
png> <./picture/knotpict/knot-6.png> <./picture/knotpict/knot-7.png> <./picture
/knotpict/knot-8.png> <./picture/knotpict/knot-9.png> <./picture/knotpict/knot-
10.png> <./picture/knotpict/knot-11.png> <./picture/knotpict/knot-12.png> <./pi
cture/knotpict/knot-13.png> <./picture/knotpict/knot-14.png> <./picture/knotpic
t/knot-15.png> <./picture/knotpict/knot-16.png> <./picture/knotpict/knot-17.png
> <./picture/knotpict/knot-18.png> <./picture/knotpict/knot-19.png> <./picture/
knotpict/knot-20.png> <./picture/knotpict/knot-21.png> <./picture/knotpict/knot
-22.png> <./picture/knotpict/knot-23.png> <./picture/knotpict/knot-24.png>]
<picture/knotpict/knot-25.png, id=67, 597.9138pt x 597.9138pt>
File: picture/knotpict/knot-25.png Graphic file (type png)
<use picture/knotpict/knot-25.png>
Package pdftex.def Info: picture/knotpict/knot-25.png  used on input line 213.
(pdftex.def)             Requested size: 145.11053pt x 145.10796pt.
<picture/knotpict/knot-26.png, id=68, 597.9138pt x 597.9138pt>
File: picture/knotpict/knot-26.png Graphic file (type png)
<use picture/knotpict/knot-26.png>
Package pdftex.def Info: picture/knotpict/knot-26.png  used on input line 219.
(pdftex.def)             Requested size: 145.11053pt x 145.10796pt.
<picture/knotpict/knot-27.png, id=69, 597.9138pt x 597.9138pt>
File: picture/knotpict/knot-27.png Graphic file (type png)
<use picture/knotpict/knot-27.png>
Package pdftex.def Info: picture/knotpict/knot-27.png  used on input line 225.
(pdftex.def)             Requested size: 145.11053pt x 145.10796pt.

[3 <./picture/knotpict/knot-25.png> <./picture/knotpict/knot-26.png> <./picture
/knotpict/knot-27.png>] (topicofcsreport.aux) ) 
Here is how much of TeX's memory you used:
 5601 strings out of 493308
 83945 string characters out of 3138732
 155101 words of memory out of 3000000
 9041 multiletter control sequences out of 15000+200000
 11236 words of font info for 44 fonts, out of 3000000 for 9000
 1141 hyphenation exceptions out of 8191
 42i,9n,40p,593b,541s stack positions out of 5000i,500n,10000p,200000b,50000s
<C:/Program Files/MiKTeX 2.9/fon
ts/type1/public/amsfonts/cm/cmbx10.pfb><C:/Program Files/MiKTeX 2.9/fonts/type1
/public/amsfonts/cm/cmmi10.pfb><C:/Program Files/MiKTeX 2.9/fonts/type1/public/
amsfonts/cm/cmr10.pfb><C:/Program Files/MiKTeX 2.9/fonts/type1/public/amsfonts/
cm/cmr12.pfb><C:/Program Files/MiKTeX 2.9/fonts/type1/public/amsfonts/cm/cmr17.
pfb><C:/Program Files/MiKTeX 2.9/fonts/type1/public/amsfonts/cm/cmr7.pfb><C:/Pr
ogram Files/MiKTeX 2.9/fonts/type1/public/amsfonts/cm/cmr9.pfb><C:/Program File
s/MiKTeX 2.9/fonts/type1/public/amsfonts/cm/cmti10.pfb>
Output written on topicofcsreport.pdf (3 pages, 3939195 bytes).
PDF statistics:
 101 PDF objects out of 1000 (max. 8388607)
 0 named destinations out of 1000 (max. 500000)
 141 words of extra memory for PDF output out of 10000 (max. 10000000)

